Device: cuda
train size: 642289

Epoch [1/100]
  Batch [0/2509] Loss: 6.2888
  Batch [50/2509] Loss: 6.2560
  Batch [100/2509] Loss: 6.1247
  Batch [150/2509] Loss: 5.9926
  Batch [200/2509] Loss: 5.9126
  Batch [250/2509] Loss: 5.9397
  Batch [300/2509] Loss: 5.8685
  Batch [350/2509] Loss: 5.7922
  Batch [400/2509] Loss: 5.7099
  Batch [450/2509] Loss: 5.6019
  Batch [500/2509] Loss: 5.5951
  Batch [550/2509] Loss: 5.6024
  Batch [600/2509] Loss: 5.5269
  Batch [650/2509] Loss: 5.4050
  Batch [700/2509] Loss: 5.2802
  Batch [750/2509] Loss: 5.4174
  Batch [800/2509] Loss: 5.3632
  Batch [850/2509] Loss: 5.2006
  Batch [900/2509] Loss: 5.1958
  Batch [950/2509] Loss: 5.2136
  Batch [1000/2509] Loss: 4.9879
  Batch [1050/2509] Loss: 5.1827
  Batch [1100/2509] Loss: 4.9631
  Batch [1150/2509] Loss: 4.9036
  Batch [1200/2509] Loss: 4.9665
  Batch [1250/2509] Loss: 4.8981
  Batch [1300/2509] Loss: 4.9409
  Batch [1350/2509] Loss: 4.9043
  Batch [1400/2509] Loss: 4.7801
  Batch [1450/2509] Loss: 4.9254
  Batch [1500/2509] Loss: 4.7891
  Batch [1550/2509] Loss: 4.7034
  Batch [1600/2509] Loss: 4.6814
  Batch [1650/2509] Loss: 4.5763
  Batch [1700/2509] Loss: 4.6602
  Batch [1750/2509] Loss: 4.4131
  Batch [1800/2509] Loss: 4.4818
  Batch [1850/2509] Loss: 4.4135
  Batch [1900/2509] Loss: 4.4920
  Batch [1950/2509] Loss: 4.4084
  Batch [2000/2509] Loss: 4.4657
  Batch [2050/2509] Loss: 4.2544
  Batch [2100/2509] Loss: 4.3907
  Batch [2150/2509] Loss: 4.5030
  Batch [2200/2509] Loss: 4.1891
  Batch [2250/2509] Loss: 4.2243
  Batch [2300/2509] Loss: 4.2181
  Batch [2350/2509] Loss: 4.3715
  Batch [2400/2509] Loss: 4.1492
  Batch [2450/2509] Loss: 4.2560
  Batch [2500/2509] Loss: 4.2117
Train Loss: 5.0054 | Train Acc: 7.36%
Val Loss: 4.0389 | Val Top-1: 15.76% | Val Top-5: 37.92%
10% top 1 acc at epoch 1
Saved best model - with val acc: 15.76%)

Epoch [2/100]
  Batch [0/2509] Loss: 4.2000
  Batch [50/2509] Loss: 3.8675
  Batch [100/2509] Loss: 4.1563
  Batch [150/2509] Loss: 4.0159
  Batch [200/2509] Loss: 4.1191
  Batch [250/2509] Loss: 3.9848
  Batch [300/2509] Loss: 4.1273
  Batch [350/2509] Loss: 3.8169
  Batch [400/2509] Loss: 3.9812
  Batch [450/2509] Loss: 3.9421
  Batch [500/2509] Loss: 4.0148
  Batch [550/2509] Loss: 3.8843
  Batch [600/2509] Loss: 4.1223
  Batch [650/2509] Loss: 4.1724
  Batch [700/2509] Loss: 3.7458
  Batch [750/2509] Loss: 3.6275
  Batch [800/2509] Loss: 3.9726
  Batch [850/2509] Loss: 3.8093
  Batch [900/2509] Loss: 3.7928
  Batch [950/2509] Loss: 3.9489
  Batch [1000/2509] Loss: 3.7766
  Batch [1050/2509] Loss: 3.8522
  Batch [1100/2509] Loss: 3.9173
  Batch [1150/2509] Loss: 3.7979
  Batch [1200/2509] Loss: 3.5776
  Batch [1250/2509] Loss: 3.6162
  Batch [1300/2509] Loss: 3.6768
  Batch [1350/2509] Loss: 3.7248
  Batch [1400/2509] Loss: 3.6537
  Batch [1450/2509] Loss: 3.7771
  Batch [1500/2509] Loss: 3.7129
  Batch [1550/2509] Loss: 3.5322
  Batch [1600/2509] Loss: 3.5843
  Batch [1650/2509] Loss: 3.6535
  Batch [1700/2509] Loss: 3.5064
  Batch [1750/2509] Loss: 3.3698
  Batch [1800/2509] Loss: 3.7226
  Batch [1850/2509] Loss: 3.5147
  Batch [1900/2509] Loss: 3.5942
  Batch [1950/2509] Loss: 3.5070
  Batch [2000/2509] Loss: 3.4366
  Batch [2050/2509] Loss: 3.6597
  Batch [2100/2509] Loss: 3.5212
  Batch [2150/2509] Loss: 3.4655
  Batch [2200/2509] Loss: 3.5867
  Batch [2250/2509] Loss: 3.5002
  Batch [2300/2509] Loss: 3.4595
  Batch [2350/2509] Loss: 3.5158
  Batch [2400/2509] Loss: 3.2289
  Batch [2450/2509] Loss: 3.3796
  Batch [2500/2509] Loss: 3.2678
Train Loss: 3.7430 | Train Acc: 21.17%
Val Loss: 3.1853 | Val Top-1: 27.71% | Val Top-5: 55.75%
20% top 1 acc at epoch 2
Saved best model - with val acc: 27.71%)

Epoch [3/100]
  Batch [0/2509] Loss: 3.5753
  Batch [50/2509] Loss: 3.3972
  Batch [100/2509] Loss: 3.3741
  Batch [150/2509] Loss: 3.2765
  Batch [200/2509] Loss: 3.0917
  Batch [250/2509] Loss: 3.2858
  Batch [300/2509] Loss: 3.1855
  Batch [350/2509] Loss: 3.3015
  Batch [400/2509] Loss: 3.3997
  Batch [450/2509] Loss: 3.1213
  Batch [500/2509] Loss: 3.3146
  Batch [550/2509] Loss: 3.2383
  Batch [600/2509] Loss: 3.2818
  Batch [650/2509] Loss: 3.1468
  Batch [700/2509] Loss: 3.2293
  Batch [750/2509] Loss: 2.9942
  Batch [800/2509] Loss: 3.2743
  Batch [850/2509] Loss: 3.3310
  Batch [900/2509] Loss: 3.1736
  Batch [950/2509] Loss: 3.1393
  Batch [1000/2509] Loss: 3.2116
  Batch [1050/2509] Loss: 3.3062
  Batch [1100/2509] Loss: 3.0902
  Batch [1150/2509] Loss: 3.1637
  Batch [1200/2509] Loss: 2.9025
  Batch [1250/2509] Loss: 3.1065
  Batch [1300/2509] Loss: 3.1463
  Batch [1350/2509] Loss: 2.9563
  Batch [1400/2509] Loss: 2.9124
  Batch [1450/2509] Loss: 2.9744
  Batch [1500/2509] Loss: 3.0735
  Batch [1550/2509] Loss: 3.2746
  Batch [1600/2509] Loss: 3.1251
  Batch [1650/2509] Loss: 3.2399
  Batch [1700/2509] Loss: 3.0091
  Batch [1750/2509] Loss: 3.0744
  Batch [1800/2509] Loss: 3.0057
  Batch [1850/2509] Loss: 3.1524
  Batch [1900/2509] Loss: 3.0254
  Batch [1950/2509] Loss: 3.1629
  Batch [2000/2509] Loss: 2.9067
  Batch [2050/2509] Loss: 3.1532
  Batch [2100/2509] Loss: 2.9171
  Batch [2150/2509] Loss: 2.9887
  Batch [2200/2509] Loss: 2.9928
  Batch [2250/2509] Loss: 3.1273
  Batch [2300/2509] Loss: 2.8512
  Batch [2350/2509] Loss: 2.8599
  Batch [2400/2509] Loss: 2.9238
  Batch [2450/2509] Loss: 2.9436
  Batch [2500/2509] Loss: 3.1497
Train Loss: 3.1648 | Train Acc: 30.28%
Val Loss: 2.7175 | Val Top-1: 36.53% | Val Top-5: 65.10%
30% top 1 acc at epoch 3
Saved best model - with val acc: 36.53%)

Epoch [4/100]
  Batch [0/2509] Loss: 3.1302
  Batch [50/2509] Loss: 2.8946
  Batch [100/2509] Loss: 2.9311
  Batch [150/2509] Loss: 2.7458
  Batch [200/2509] Loss: 2.7770
  Batch [250/2509] Loss: 2.9575
  Batch [300/2509] Loss: 2.9863
  Batch [350/2509] Loss: 2.9261
  Batch [400/2509] Loss: 2.9410
  Batch [450/2509] Loss: 2.5674
  Batch [500/2509] Loss: 2.9013
  Batch [550/2509] Loss: 2.8684
  Batch [600/2509] Loss: 2.7610
  Batch [650/2509] Loss: 2.9754
  Batch [700/2509] Loss: 3.2970
  Batch [750/2509] Loss: 2.8570
  Batch [800/2509] Loss: 2.8716
  Batch [850/2509] Loss: 2.9695
  Batch [900/2509] Loss: 2.7698
  Batch [950/2509] Loss: 2.8219
  Batch [1000/2509] Loss: 2.6889
  Batch [1050/2509] Loss: 2.9130
  Batch [1100/2509] Loss: 2.7108
  Batch [1150/2509] Loss: 2.7531
  Batch [1200/2509] Loss: 2.7202
  Batch [1250/2509] Loss: 2.9843
  Batch [1300/2509] Loss: 2.7146
  Batch [1350/2509] Loss: 2.8739
  Batch [1400/2509] Loss: 2.9335
  Batch [1450/2509] Loss: 2.8701
  Batch [1500/2509] Loss: 2.6843
  Batch [1550/2509] Loss: 2.7239
  Batch [1600/2509] Loss: 2.9599
  Batch [1650/2509] Loss: 2.8505
  Batch [1700/2509] Loss: 2.8411
  Batch [1750/2509] Loss: 3.0201
  Batch [1800/2509] Loss: 2.9647
  Batch [1850/2509] Loss: 2.7983
  Batch [1900/2509] Loss: 2.8100
  Batch [1950/2509] Loss: 2.9501
  Batch [2000/2509] Loss: 3.0443
  Batch [2050/2509] Loss: 2.8599
  Batch [2100/2509] Loss: 2.6397
  Batch [2150/2509] Loss: 2.5568
  Batch [2200/2509] Loss: 2.5821
  Batch [2250/2509] Loss: 2.6959
  Batch [2300/2509] Loss: 2.8045
  Batch [2350/2509] Loss: 2.5921
  Batch [2400/2509] Loss: 2.8610
  Batch [2450/2509] Loss: 2.7868
  Batch [2500/2509] Loss: 2.4496
Train Loss: 2.8286 | Train Acc: 36.32%
Val Loss: 2.3819 | Val Top-1: 42.63% | Val Top-5: 71.52%
40% top 1 acc at epoch 4
Saved best model - with val acc: 42.63%)

Epoch [5/100]
  Batch [0/2509] Loss: 2.6396
  Batch [50/2509] Loss: 3.0167
  Batch [100/2509] Loss: 2.7384
  Batch [150/2509] Loss: 2.6075
  Batch [200/2509] Loss: 2.6737
  Batch [250/2509] Loss: 2.8231
  Batch [300/2509] Loss: 2.6745
  Batch [350/2509] Loss: 2.8224
  Batch [400/2509] Loss: 2.7279
  Batch [450/2509] Loss: 2.9700
  Batch [500/2509] Loss: 2.6731
  Batch [550/2509] Loss: 2.7530
  Batch [600/2509] Loss: 2.5508
  Batch [650/2509] Loss: 2.7574
  Batch [700/2509] Loss: 2.7830
  Batch [750/2509] Loss: 2.5846
  Batch [800/2509] Loss: 2.6227
  Batch [850/2509] Loss: 2.8325
  Batch [900/2509] Loss: 2.7927
  Batch [950/2509] Loss: 2.6138
  Batch [1000/2509] Loss: 2.5714
  Batch [1050/2509] Loss: 2.8433
  Batch [1100/2509] Loss: 2.6864
  Batch [1150/2509] Loss: 2.4704
  Batch [1200/2509] Loss: 2.4514
  Batch [1250/2509] Loss: 2.6686
  Batch [1300/2509] Loss: 2.4239
  Batch [1350/2509] Loss: 2.6498
  Batch [1400/2509] Loss: 2.5801
  Batch [1450/2509] Loss: 2.4728
  Batch [1500/2509] Loss: 2.5104
  Batch [1550/2509] Loss: 2.5621
  Batch [1600/2509] Loss: 2.4789
  Batch [1650/2509] Loss: 2.4039
  Batch [1700/2509] Loss: 2.3112
  Batch [1750/2509] Loss: 2.5191
  Batch [1800/2509] Loss: 2.5187
  Batch [1850/2509] Loss: 2.7069
  Batch [1900/2509] Loss: 2.7452
  Batch [1950/2509] Loss: 2.7427
  Batch [2000/2509] Loss: 2.5007
  Batch [2050/2509] Loss: 2.3866
  Batch [2100/2509] Loss: 2.5925
  Batch [2150/2509] Loss: 2.4445
  Batch [2200/2509] Loss: 2.4126
  Batch [2250/2509] Loss: 2.4004
  Batch [2300/2509] Loss: 2.3624
  Batch [2350/2509] Loss: 2.5694
  Batch [2400/2509] Loss: 2.5643
  Batch [2450/2509] Loss: 2.9149
  Batch [2500/2509] Loss: 2.5469
Train Loss: 2.6085 | Train Acc: 40.51%
Val Loss: 2.0898 | Val Top-1: 48.72% | Val Top-5: 76.59%
Saved best model - with val acc: 48.72%)

Epoch [6/100]
  Batch [0/2509] Loss: 2.6350
  Batch [50/2509] Loss: 2.5434
  Batch [100/2509] Loss: 2.4935
  Batch [150/2509] Loss: 2.5596
  Batch [200/2509] Loss: 2.5534
  Batch [250/2509] Loss: 2.6444
  Batch [300/2509] Loss: 2.4571
  Batch [350/2509] Loss: 2.5265
  Batch [400/2509] Loss: 2.5177
  Batch [450/2509] Loss: 2.3126
  Batch [500/2509] Loss: 2.4089
  Batch [550/2509] Loss: 2.3045
  Batch [600/2509] Loss: 2.6042
  Batch [650/2509] Loss: 2.7086
  Batch [700/2509] Loss: 2.4412
  Batch [750/2509] Loss: 2.3798
  Batch [800/2509] Loss: 2.4219
  Batch [850/2509] Loss: 2.7334
  Batch [900/2509] Loss: 2.1896
  Batch [950/2509] Loss: 2.4117
  Batch [1000/2509] Loss: 2.3116
  Batch [1050/2509] Loss: 2.6137
  Batch [1100/2509] Loss: 2.4433
  Batch [1150/2509] Loss: 2.5558
  Batch [1200/2509] Loss: 2.4984
  Batch [1250/2509] Loss: 2.3758
  Batch [1300/2509] Loss: 2.4169
  Batch [1350/2509] Loss: 2.3772
  Batch [1400/2509] Loss: 2.6680
  Batch [1450/2509] Loss: 2.5165
  Batch [1500/2509] Loss: 2.4735
  Batch [1550/2509] Loss: 2.3648
  Batch [1600/2509] Loss: 2.3553
  Batch [1650/2509] Loss: 2.4660
  Batch [1700/2509] Loss: 2.8029
  Batch [1750/2509] Loss: 2.2945
  Batch [1800/2509] Loss: 2.3526
  Batch [1850/2509] Loss: 2.2783
  Batch [1900/2509] Loss: 2.5464
  Batch [1950/2509] Loss: 2.3586
  Batch [2000/2509] Loss: 2.5111
  Batch [2050/2509] Loss: 2.4090
  Batch [2100/2509] Loss: 2.4612
  Batch [2150/2509] Loss: 2.5105
  Batch [2200/2509] Loss: 2.1946
  Batch [2250/2509] Loss: 2.1212
  Batch [2300/2509] Loss: 2.2828
  Batch [2350/2509] Loss: 2.4463
  Batch [2400/2509] Loss: 2.4537
  Batch [2450/2509] Loss: 2.3594
  Batch [2500/2509] Loss: 2.3567
Train Loss: 2.4461 | Train Acc: 43.57%
Val Loss: 1.9416 | Val Top-1: 51.60% | Val Top-5: 78.93%
Saved best model - with val acc: 51.60%)

Epoch [7/100]
  Batch [0/2509] Loss: 2.3039
  Batch [50/2509] Loss: 2.2418
  Batch [100/2509] Loss: 2.4590
  Batch [150/2509] Loss: 2.1424
  Batch [200/2509] Loss: 2.2808
  Batch [250/2509] Loss: 2.5148
  Batch [300/2509] Loss: 2.4701
  Batch [350/2509] Loss: 2.4828
  Batch [400/2509] Loss: 2.1671
  Batch [450/2509] Loss: 2.3706
  Batch [500/2509] Loss: 2.3616
  Batch [550/2509] Loss: 2.2560
  Batch [600/2509] Loss: 2.3699
  Batch [650/2509] Loss: 2.4718
  Batch [700/2509] Loss: 2.1577
  Batch [750/2509] Loss: 2.3599
  Batch [800/2509] Loss: 2.4324
  Batch [850/2509] Loss: 2.4913
  Batch [900/2509] Loss: 2.3169
  Batch [950/2509] Loss: 2.3104
  Batch [1000/2509] Loss: 2.4291
  Batch [1050/2509] Loss: 2.4111
  Batch [1100/2509] Loss: 2.4584
  Batch [1150/2509] Loss: 2.4748
  Batch [1200/2509] Loss: 2.3717
  Batch [1250/2509] Loss: 2.4647
  Batch [1300/2509] Loss: 2.3763
  Batch [1350/2509] Loss: 2.4687
  Batch [1400/2509] Loss: 2.1177
  Batch [1450/2509] Loss: 2.2638
  Batch [1500/2509] Loss: 2.2373
  Batch [1550/2509] Loss: 2.5935
  Batch [1600/2509] Loss: 2.1778
  Batch [1650/2509] Loss: 2.0114
  Batch [1700/2509] Loss: 2.5608
  Batch [1750/2509] Loss: 2.3087
  Batch [1800/2509] Loss: 2.4777
  Batch [1850/2509] Loss: 2.0867
  Batch [1900/2509] Loss: 2.1344
  Batch [1950/2509] Loss: 2.3389
  Batch [2000/2509] Loss: 2.3959
  Batch [2050/2509] Loss: 2.2561
  Batch [2100/2509] Loss: 2.2205
  Batch [2150/2509] Loss: 2.1906
  Batch [2200/2509] Loss: 2.1216
  Batch [2250/2509] Loss: 2.2204
  Batch [2300/2509] Loss: 2.2983
  Batch [2350/2509] Loss: 2.5473
  Batch [2400/2509] Loss: 2.3633
  Batch [2450/2509] Loss: 2.0707
  Batch [2500/2509] Loss: 2.4229
Train Loss: 2.3207 | Train Acc: 46.04%
Val Loss: 1.8776 | Val Top-1: 53.05% | Val Top-5: 80.13%
Saved best model - with val acc: 53.05%)

Epoch [8/100]
  Batch [0/2509] Loss: 2.1623
  Batch [50/2509] Loss: 2.3509
  Batch [100/2509] Loss: 2.2761
  Batch [150/2509] Loss: 2.2335
  Batch [200/2509] Loss: 2.1133
  Batch [250/2509] Loss: 2.3988
  Batch [300/2509] Loss: 2.2733
  Batch [350/2509] Loss: 2.3177
  Batch [400/2509] Loss: 2.0701
  Batch [450/2509] Loss: 2.4450
  Batch [500/2509] Loss: 2.4059
  Batch [550/2509] Loss: 1.9974
  Batch [600/2509] Loss: 2.1798
  Batch [650/2509] Loss: 2.4611
  Batch [700/2509] Loss: 2.2840
  Batch [750/2509] Loss: 2.4142
  Batch [800/2509] Loss: 2.3217
  Batch [850/2509] Loss: 2.1266
  Batch [900/2509] Loss: 2.3009
  Batch [950/2509] Loss: 2.1998
  Batch [1000/2509] Loss: 2.0982
  Batch [1050/2509] Loss: 2.0740
  Batch [1100/2509] Loss: 2.1448
  Batch [1150/2509] Loss: 2.4706
  Batch [1200/2509] Loss: 2.2929
  Batch [1250/2509] Loss: 2.2706
  Batch [1300/2509] Loss: 2.2911
  Batch [1350/2509] Loss: 2.3595
  Batch [1400/2509] Loss: 2.2821
  Batch [1450/2509] Loss: 2.1554
  Batch [1500/2509] Loss: 2.2463
  Batch [1550/2509] Loss: 2.1820
  Batch [1600/2509] Loss: 2.1916
  Batch [1650/2509] Loss: 2.2994
  Batch [1700/2509] Loss: 2.0320
  Batch [1750/2509] Loss: 2.2519
  Batch [1800/2509] Loss: 1.9587
  Batch [1850/2509] Loss: 2.4522
  Batch [1900/2509] Loss: 2.5567
  Batch [1950/2509] Loss: 2.3024
  Batch [2000/2509] Loss: 2.1487
  Batch [2050/2509] Loss: 2.1401
  Batch [2100/2509] Loss: 2.1278
  Batch [2150/2509] Loss: 2.0468
  Batch [2200/2509] Loss: 2.5717
  Batch [2250/2509] Loss: 2.1545
  Batch [2300/2509] Loss: 2.2516
  Batch [2350/2509] Loss: 2.1670
  Batch [2400/2509] Loss: 2.2199
  Batch [2450/2509] Loss: 2.0539
  Batch [2500/2509] Loss: 2.2382
Train Loss: 2.2215 | Train Acc: 48.05%
Val Loss: 1.7791 | Val Top-1: 55.67% | Val Top-5: 81.75%
Saved best model - with val acc: 55.67%)

Epoch [9/100]
  Batch [0/2509] Loss: 2.0392
  Batch [50/2509] Loss: 2.3873
  Batch [100/2509] Loss: 1.9454
  Batch [150/2509] Loss: 2.0766
  Batch [200/2509] Loss: 2.0964
  Batch [250/2509] Loss: 2.1996
  Batch [300/2509] Loss: 2.1695
  Batch [350/2509] Loss: 2.0823
  Batch [400/2509] Loss: 2.0038
  Batch [450/2509] Loss: 2.4621
  Batch [500/2509] Loss: 2.0987
  Batch [550/2509] Loss: 2.1967
  Batch [600/2509] Loss: 2.0331
  Batch [650/2509] Loss: 2.3105
  Batch [700/2509] Loss: 2.1603
  Batch [750/2509] Loss: 2.0726
  Batch [800/2509] Loss: 2.1409
  Batch [850/2509] Loss: 2.1900
  Batch [900/2509] Loss: 2.2841
  Batch [950/2509] Loss: 2.2653
  Batch [1000/2509] Loss: 2.0709
  Batch [1050/2509] Loss: 1.9293
  Batch [1100/2509] Loss: 2.0100
  Batch [1150/2509] Loss: 2.2141
  Batch [1200/2509] Loss: 2.1756
  Batch [1250/2509] Loss: 2.2417
  Batch [1300/2509] Loss: 1.9717
  Batch [1350/2509] Loss: 2.1867
  Batch [1400/2509] Loss: 2.2334
  Batch [1450/2509] Loss: 2.1195
  Batch [1500/2509] Loss: 2.0821
  Batch [1550/2509] Loss: 2.2296
  Batch [1600/2509] Loss: 2.2614
  Batch [1650/2509] Loss: 2.2531
  Batch [1700/2509] Loss: 2.1911
  Batch [1750/2509] Loss: 1.9923
  Batch [1800/2509] Loss: 2.1296
  Batch [1850/2509] Loss: 2.3875
  Batch [1900/2509] Loss: 2.1679
  Batch [1950/2509] Loss: 2.2337
  Batch [2000/2509] Loss: 2.1174
  Batch [2050/2509] Loss: 1.8455
  Batch [2100/2509] Loss: 2.4530
  Batch [2150/2509] Loss: 2.0877
  Batch [2200/2509] Loss: 2.3023
  Batch [2250/2509] Loss: 2.0468
  Batch [2300/2509] Loss: 2.1425
  Batch [2350/2509] Loss: 2.1360
  Batch [2400/2509] Loss: 2.1725
  Batch [2450/2509] Loss: 2.2787
  Batch [2500/2509] Loss: 2.1860
Train Loss: 2.1406 | Train Acc: 49.75%
Val Loss: 1.6760 | Val Top-1: 58.04% | Val Top-5: 83.05%
Saved best model - with val acc: 58.04%)

Epoch [10/100]
  Batch [0/2509] Loss: 2.0973
  Batch [50/2509] Loss: 2.1397
  Batch [100/2509] Loss: 2.0896
  Batch [150/2509] Loss: 2.1026
  Batch [200/2509] Loss: 1.9724
  Batch [250/2509] Loss: 2.1044
  Batch [300/2509] Loss: 1.9349
  Batch [350/2509] Loss: 1.9969
  Batch [400/2509] Loss: 2.1893
  Batch [450/2509] Loss: 2.3207
  Batch [500/2509] Loss: 2.0137
  Batch [550/2509] Loss: 2.0301
  Batch [600/2509] Loss: 1.9765
  Batch [650/2509] Loss: 1.9477
  Batch [700/2509] Loss: 2.1542
  Batch [750/2509] Loss: 2.1342
  Batch [800/2509] Loss: 2.0593
  Batch [850/2509] Loss: 2.2030
  Batch [900/2509] Loss: 1.7459
  Batch [950/2509] Loss: 1.9987
  Batch [1000/2509] Loss: 2.1093
  Batch [1050/2509] Loss: 2.1089
  Batch [1100/2509] Loss: 2.2876
  Batch [1150/2509] Loss: 1.8554
  Batch [1200/2509] Loss: 2.0645
  Batch [1250/2509] Loss: 2.0399
  Batch [1300/2509] Loss: 1.8666
  Batch [1350/2509] Loss: 2.0417
  Batch [1400/2509] Loss: 1.8957
  Batch [1450/2509] Loss: 2.2030
  Batch [1500/2509] Loss: 2.0138
  Batch [1550/2509] Loss: 1.9715
  Batch [1600/2509] Loss: 1.8411
  Batch [1650/2509] Loss: 2.1074
  Batch [1700/2509] Loss: 1.8730
  Batch [1750/2509] Loss: 1.9887
  Batch [1800/2509] Loss: 1.9654
  Batch [1850/2509] Loss: 1.9201
  Batch [1900/2509] Loss: 1.9995
  Batch [1950/2509] Loss: 2.0851
  Batch [2000/2509] Loss: 1.9130
  Batch [2050/2509] Loss: 1.9796
  Batch [2100/2509] Loss: 2.0095
  Batch [2150/2509] Loss: 2.1625
  Batch [2200/2509] Loss: 2.0176
  Batch [2250/2509] Loss: 2.1361
  Batch [2300/2509] Loss: 1.9338
  Batch [2350/2509] Loss: 2.1273
  Batch [2400/2509] Loss: 2.1481
  Batch [2450/2509] Loss: 2.2015
  Batch [2500/2509] Loss: 2.2974
Train Loss: 2.0704 | Train Acc: 51.15%
Val Loss: 1.6619 | Val Top-1: 58.58% | Val Top-5: 83.53%
Saved best model - with val acc: 58.58%)

Epoch [11/100]
  Batch [0/2509] Loss: 1.8546
  Batch [50/2509] Loss: 2.0081
  Batch [100/2509] Loss: 1.8171
  Batch [150/2509] Loss: 2.1049
  Batch [200/2509] Loss: 2.1557
  Batch [250/2509] Loss: 1.8962
  Batch [300/2509] Loss: 2.3123
  Batch [350/2509] Loss: 2.2123
  Batch [400/2509] Loss: 1.8052
  Batch [450/2509] Loss: 2.1264
  Batch [500/2509] Loss: 2.0592
  Batch [550/2509] Loss: 2.0681
  Batch [600/2509] Loss: 1.7970
  Batch [650/2509] Loss: 1.8713
  Batch [700/2509] Loss: 2.0192
  Batch [750/2509] Loss: 2.0342
  Batch [800/2509] Loss: 1.9207
  Batch [850/2509] Loss: 1.9873
  Batch [900/2509] Loss: 1.8416
  Batch [950/2509] Loss: 2.1265
  Batch [1000/2509] Loss: 1.9573
  Batch [1050/2509] Loss: 1.9096
  Batch [1100/2509] Loss: 1.9499
  Batch [1150/2509] Loss: 2.0903
  Batch [1200/2509] Loss: 2.0479
  Batch [1250/2509] Loss: 1.8243
  Batch [1300/2509] Loss: 1.9940
  Batch [1350/2509] Loss: 2.0087
  Batch [1400/2509] Loss: 1.9973
  Batch [1450/2509] Loss: 1.9717
  Batch [1500/2509] Loss: 1.9272
  Batch [1550/2509] Loss: 1.8686
  Batch [1600/2509] Loss: 1.9643
  Batch [1650/2509] Loss: 1.9716
  Batch [1700/2509] Loss: 2.1638
  Batch [1750/2509] Loss: 2.0484
  Batch [1800/2509] Loss: 2.1879
  Batch [1850/2509] Loss: 2.0684
  Batch [1900/2509] Loss: 1.9999
  Batch [1950/2509] Loss: 1.9719
  Batch [2000/2509] Loss: 1.9817
  Batch [2050/2509] Loss: 1.9167
  Batch [2100/2509] Loss: 2.0546
  Batch [2150/2509] Loss: 2.0556
  Batch [2200/2509] Loss: 1.9695
  Batch [2250/2509] Loss: 2.1193
  Batch [2300/2509] Loss: 1.9661
  Batch [2350/2509] Loss: 1.8862
  Batch [2400/2509] Loss: 2.0042
  Batch [2450/2509] Loss: 1.9483
  Batch [2500/2509] Loss: 1.8910
Train Loss: 2.0106 | Train Acc: 52.43%
Val Loss: 1.6178 | Val Top-1: 59.31% | Val Top-5: 84.21%
Saved best model - with val acc: 59.31%)

Epoch [12/100]
  Batch [0/2509] Loss: 2.0066
  Batch [50/2509] Loss: 1.8222
  Batch [100/2509] Loss: 1.9804
  Batch [150/2509] Loss: 1.9125
  Batch [200/2509] Loss: 1.8003
  Batch [250/2509] Loss: 1.7832
  Batch [300/2509] Loss: 1.9279
  Batch [350/2509] Loss: 1.7850
  Batch [400/2509] Loss: 1.9498
  Batch [450/2509] Loss: 1.8269
  Batch [500/2509] Loss: 1.9166
  Batch [550/2509] Loss: 1.9377
  Batch [600/2509] Loss: 1.8028
  Batch [650/2509] Loss: 1.8114
  Batch [700/2509] Loss: 2.0666
  Batch [750/2509] Loss: 1.8138
  Batch [800/2509] Loss: 2.2073
  Batch [850/2509] Loss: 1.8792
  Batch [900/2509] Loss: 2.1654
  Batch [950/2509] Loss: 2.1552
  Batch [1000/2509] Loss: 1.7831
  Batch [1050/2509] Loss: 1.9749
  Batch [1100/2509] Loss: 1.7655
  Batch [1150/2509] Loss: 1.9443
  Batch [1200/2509] Loss: 2.0346
  Batch [1250/2509] Loss: 1.8544
  Batch [1300/2509] Loss: 1.9999
  Batch [1350/2509] Loss: 2.1424
  Batch [1400/2509] Loss: 1.8404
  Batch [1450/2509] Loss: 2.0189
  Batch [1500/2509] Loss: 2.0325
  Batch [1550/2509] Loss: 1.9518
  Batch [1600/2509] Loss: 1.8460
  Batch [1650/2509] Loss: 1.8002
  Batch [1700/2509] Loss: 1.9104
  Batch [1750/2509] Loss: 1.8952
  Batch [1800/2509] Loss: 1.8803
  Batch [1850/2509] Loss: 2.0258
  Batch [1900/2509] Loss: 2.1250
  Batch [1950/2509] Loss: 2.0866
  Batch [2000/2509] Loss: 2.0112
  Batch [2050/2509] Loss: 1.9613
  Batch [2100/2509] Loss: 1.9764
  Batch [2150/2509] Loss: 2.0671
  Batch [2200/2509] Loss: 2.1240
  Batch [2250/2509] Loss: 2.0439
  Batch [2300/2509] Loss: 1.9078
  Batch [2350/2509] Loss: 2.0563
  Batch [2400/2509] Loss: 1.9433
  Batch [2450/2509] Loss: 2.0095
  Batch [2500/2509] Loss: 1.9974
Train Loss: 1.9573 | Train Acc: 53.53%
Val Loss: 1.5304 | Val Top-1: 61.07% | Val Top-5: 85.31%
Saved best model - with val acc: 61.07%)

Epoch [13/100]
  Batch [0/2509] Loss: 1.6652
  Batch [50/2509] Loss: 1.8032
  Batch [100/2509] Loss: 1.5501
  Batch [150/2509] Loss: 2.0743
  Batch [200/2509] Loss: 2.0157
  Batch [250/2509] Loss: 1.9396
  Batch [300/2509] Loss: 1.8856
  Batch [350/2509] Loss: 2.0074
  Batch [400/2509] Loss: 1.7964
  Batch [450/2509] Loss: 1.8385
  Batch [500/2509] Loss: 1.7822
  Batch [550/2509] Loss: 1.9122
  Batch [600/2509] Loss: 1.7437
  Batch [650/2509] Loss: 1.8468
  Batch [700/2509] Loss: 2.0477
  Batch [750/2509] Loss: 1.9997
  Batch [800/2509] Loss: 1.7700
  Batch [850/2509] Loss: 2.1776
  Batch [900/2509] Loss: 2.0211
  Batch [950/2509] Loss: 1.7125
  Batch [1000/2509] Loss: 1.6601
  Batch [1050/2509] Loss: 1.7954
  Batch [1100/2509] Loss: 1.8613
  Batch [1150/2509] Loss: 2.0656
  Batch [1200/2509] Loss: 1.9212
  Batch [1250/2509] Loss: 1.7504
  Batch [1300/2509] Loss: 2.0527
  Batch [1350/2509] Loss: 2.0141
  Batch [1400/2509] Loss: 1.9116
  Batch [1450/2509] Loss: 1.8563
  Batch [1500/2509] Loss: 1.8221
  Batch [1550/2509] Loss: 1.9446
  Batch [1600/2509] Loss: 1.8908
  Batch [1650/2509] Loss: 1.8437
  Batch [1700/2509] Loss: 1.9176
  Batch [1750/2509] Loss: 2.0450
  Batch [1800/2509] Loss: 2.1438
  Batch [1850/2509] Loss: 1.8404
  Batch [1900/2509] Loss: 1.9828
  Batch [1950/2509] Loss: 1.7018
  Batch [2000/2509] Loss: 2.0323
  Batch [2050/2509] Loss: 2.0090
  Batch [2100/2509] Loss: 1.9465
  Batch [2150/2509] Loss: 2.1549
  Batch [2200/2509] Loss: 2.1181
  Batch [2250/2509] Loss: 2.0722
  Batch [2300/2509] Loss: 1.7522
  Batch [2350/2509] Loss: 1.8915
  Batch [2400/2509] Loss: 1.7319
  Batch [2450/2509] Loss: 1.8759
  Batch [2500/2509] Loss: 1.9782
Train Loss: 1.9113 | Train Acc: 54.45%
Val Loss: 1.5266 | Val Top-1: 61.23% | Val Top-5: 85.28%
Saved best model - with val acc: 61.23%)

Epoch [14/100]
  Batch [0/2509] Loss: 1.9472
  Batch [50/2509] Loss: 1.8946
  Batch [100/2509] Loss: 1.8355
  Batch [150/2509] Loss: 1.9833
  Batch [200/2509] Loss: 1.9742
  Batch [250/2509] Loss: 1.6016
  Batch [300/2509] Loss: 1.9069
  Batch [350/2509] Loss: 1.7848
  Batch [400/2509] Loss: 1.7938
  Batch [450/2509] Loss: 1.7973
  Batch [500/2509] Loss: 1.7594
  Batch [550/2509] Loss: 1.8710
  Batch [600/2509] Loss: 1.9178
  Batch [650/2509] Loss: 1.9210
  Batch [700/2509] Loss: 1.5168
  Batch [750/2509] Loss: 2.1145
  Batch [800/2509] Loss: 1.9192
  Batch [850/2509] Loss: 2.0506
  Batch [900/2509] Loss: 1.9441
  Batch [950/2509] Loss: 1.7082
  Batch [1000/2509] Loss: 1.8714
  Batch [1050/2509] Loss: 1.9214
  Batch [1100/2509] Loss: 1.9669
  Batch [1150/2509] Loss: 1.8438
  Batch [1200/2509] Loss: 1.9868
  Batch [1250/2509] Loss: 1.9267
  Batch [1300/2509] Loss: 1.7618
  Batch [1350/2509] Loss: 1.8782
  Batch [1400/2509] Loss: 1.9603
  Batch [1450/2509] Loss: 1.9311
  Batch [1500/2509] Loss: 1.7884
  Batch [1550/2509] Loss: 1.8440
  Batch [1600/2509] Loss: 1.9150
  Batch [1650/2509] Loss: 1.7060
  Batch [1700/2509] Loss: 1.7425
  Batch [1750/2509] Loss: 1.8987
  Batch [1800/2509] Loss: 1.8249
  Batch [1850/2509] Loss: 1.9764
  Batch [1900/2509] Loss: 1.9225
  Batch [1950/2509] Loss: 1.7876
  Batch [2000/2509] Loss: 1.8949
  Batch [2050/2509] Loss: 1.9447
  Batch [2100/2509] Loss: 1.8667
  Batch [2150/2509] Loss: 1.7663
  Batch [2200/2509] Loss: 2.1064
  Batch [2250/2509] Loss: 1.9219
  Batch [2300/2509] Loss: 1.7867
  Batch [2350/2509] Loss: 2.0146
  Batch [2400/2509] Loss: 1.9636
  Batch [2450/2509] Loss: 1.8946
  Batch [2500/2509] Loss: 1.9338
Train Loss: 1.8708 | Train Acc: 55.39%
Val Loss: 1.4578 | Val Top-1: 62.95% | Val Top-5: 86.26%
Saved best model - with val acc: 62.95%)

Epoch [15/100]
  Batch [0/2509] Loss: 1.7564
  Batch [50/2509] Loss: 1.7084
  Batch [100/2509] Loss: 1.8504
  Batch [150/2509] Loss: 1.7359
  Batch [200/2509] Loss: 1.9845
  Batch [250/2509] Loss: 1.9967
  Batch [300/2509] Loss: 1.9589
  Batch [350/2509] Loss: 1.6774
  Batch [400/2509] Loss: 1.6505
  Batch [450/2509] Loss: 1.7574
  Batch [500/2509] Loss: 1.9970
  Batch [550/2509] Loss: 1.8696
  Batch [600/2509] Loss: 1.8323
  Batch [650/2509] Loss: 1.8123
  Batch [700/2509] Loss: 1.7621
  Batch [750/2509] Loss: 1.9836
  Batch [800/2509] Loss: 1.9701
  Batch [850/2509] Loss: 2.1783
  Batch [900/2509] Loss: 1.8317
  Batch [950/2509] Loss: 1.7836
  Batch [1000/2509] Loss: 1.9181
  Batch [1050/2509] Loss: 1.9454
  Batch [1100/2509] Loss: 2.0038
  Batch [1150/2509] Loss: 1.9853
  Batch [1200/2509] Loss: 1.9214
  Batch [1250/2509] Loss: 1.8887
  Batch [1300/2509] Loss: 1.7319
  Batch [1350/2509] Loss: 1.6411
  Batch [1400/2509] Loss: 1.7623
  Batch [1450/2509] Loss: 1.9623
  Batch [1500/2509] Loss: 2.0210
  Batch [1550/2509] Loss: 1.8087
  Batch [1600/2509] Loss: 1.9032
  Batch [1650/2509] Loss: 1.7957
  Batch [1700/2509] Loss: 1.8975
  Batch [1750/2509] Loss: 2.0591
  Batch [1800/2509] Loss: 1.9947
  Batch [1850/2509] Loss: 2.0569
  Batch [1900/2509] Loss: 1.9672
  Batch [1950/2509] Loss: 1.9877
  Batch [2000/2509] Loss: 1.8859
  Batch [2050/2509] Loss: 1.8256
  Batch [2100/2509] Loss: 1.8919
  Batch [2150/2509] Loss: 1.7680
  Batch [2200/2509] Loss: 2.1434
  Batch [2250/2509] Loss: 1.9140
  Batch [2300/2509] Loss: 1.7798
  Batch [2350/2509] Loss: 1.8318
  Batch [2400/2509] Loss: 1.8686
  Batch [2450/2509] Loss: 2.0460
  Batch [2500/2509] Loss: 1.7415
Train Loss: 1.8345 | Train Acc: 56.16%
Val Loss: 1.4035 | Val Top-1: 64.09% | Val Top-5: 87.03%
Saved best model - with val acc: 64.09%)

Epoch [16/100]
  Batch [0/2509] Loss: 1.6761
  Batch [50/2509] Loss: 1.9070
  Batch [100/2509] Loss: 1.8071
  Batch [150/2509] Loss: 1.9764
  Batch [200/2509] Loss: 1.8992
  Batch [250/2509] Loss: 1.7197
  Batch [300/2509] Loss: 2.0289
  Batch [350/2509] Loss: 1.6773
  Batch [400/2509] Loss: 1.6914
  Batch [450/2509] Loss: 1.6622
  Batch [500/2509] Loss: 1.8255
  Batch [550/2509] Loss: 1.8043
  Batch [600/2509] Loss: 1.9134
  Batch [650/2509] Loss: 1.7627
  Batch [700/2509] Loss: 1.7214
  Batch [750/2509] Loss: 1.8932
  Batch [800/2509] Loss: 1.7458
  Batch [850/2509] Loss: 1.6580
  Batch [900/2509] Loss: 1.9241
  Batch [950/2509] Loss: 1.7152
  Batch [1000/2509] Loss: 1.7838
  Batch [1050/2509] Loss: 1.9622
  Batch [1100/2509] Loss: 1.7291
  Batch [1150/2509] Loss: 1.7787
  Batch [1200/2509] Loss: 1.7194
  Batch [1250/2509] Loss: 2.1055
  Batch [1300/2509] Loss: 1.8205
  Batch [1350/2509] Loss: 2.0204
  Batch [1400/2509] Loss: 1.7410
  Batch [1450/2509] Loss: 1.8718
  Batch [1500/2509] Loss: 1.7146
  Batch [1550/2509] Loss: 1.7773
  Batch [1600/2509] Loss: 1.6302
  Batch [1650/2509] Loss: 1.7854
  Batch [1700/2509] Loss: 1.9250
  Batch [1750/2509] Loss: 1.9281
  Batch [1800/2509] Loss: 1.7634
  Batch [1850/2509] Loss: 1.8355
  Batch [1900/2509] Loss: 1.7493
  Batch [1950/2509] Loss: 1.7653
  Batch [2000/2509] Loss: 1.6713
  Batch [2050/2509] Loss: 1.7594
  Batch [2100/2509] Loss: 1.6338
  Batch [2150/2509] Loss: 1.8540
  Batch [2200/2509] Loss: 1.8991
  Batch [2250/2509] Loss: 1.5223
  Batch [2300/2509] Loss: 1.6994
  Batch [2350/2509] Loss: 1.9009
  Batch [2400/2509] Loss: 2.0155
  Batch [2450/2509] Loss: 1.7155
  Batch [2500/2509] Loss: 1.9317
Train Loss: 1.7994 | Train Acc: 56.82%
Val Loss: 1.4055 | Val Top-1: 63.72% | Val Top-5: 87.05%

Epoch [17/100]
  Batch [0/2509] Loss: 1.7049
  Batch [50/2509] Loss: 1.5958
  Batch [100/2509] Loss: 1.7111
  Batch [150/2509] Loss: 1.7502
  Batch [200/2509] Loss: 1.7939
  Batch [250/2509] Loss: 1.7421
  Batch [300/2509] Loss: 1.7914
  Batch [350/2509] Loss: 1.5999
  Batch [400/2509] Loss: 1.6372
  Batch [450/2509] Loss: 1.8777
  Batch [500/2509] Loss: 1.5412
  Batch [550/2509] Loss: 1.9323
  Batch [600/2509] Loss: 1.6766
  Batch [650/2509] Loss: 1.7184
  Batch [700/2509] Loss: 1.7169
  Batch [750/2509] Loss: 1.8720
  Batch [800/2509] Loss: 1.7444
  Batch [850/2509] Loss: 1.7943
  Batch [900/2509] Loss: 1.5628
  Batch [950/2509] Loss: 1.9782
  Batch [1000/2509] Loss: 1.7892
  Batch [1050/2509] Loss: 1.6318
  Batch [1100/2509] Loss: 1.5860
  Batch [1150/2509] Loss: 1.7071
  Batch [1200/2509] Loss: 1.7828
  Batch [1250/2509] Loss: 1.7425
  Batch [1300/2509] Loss: 1.9443
  Batch [1350/2509] Loss: 1.9731
  Batch [1400/2509] Loss: 1.9414
  Batch [1450/2509] Loss: 1.6923
  Batch [1500/2509] Loss: 1.8691
  Batch [1550/2509] Loss: 1.7840
  Batch [1600/2509] Loss: 1.7328
  Batch [1650/2509] Loss: 1.7822
  Batch [1700/2509] Loss: 1.8257
  Batch [1750/2509] Loss: 1.9414
  Batch [1800/2509] Loss: 1.7294
  Batch [1850/2509] Loss: 1.6699
  Batch [1900/2509] Loss: 1.7559
  Batch [1950/2509] Loss: 1.7911
  Batch [2000/2509] Loss: 1.8231
  Batch [2050/2509] Loss: 1.7704
  Batch [2100/2509] Loss: 1.9223
  Batch [2150/2509] Loss: 1.8845
  Batch [2200/2509] Loss: 1.9603
  Batch [2250/2509] Loss: 1.8098
  Batch [2300/2509] Loss: 1.7477
  Batch [2350/2509] Loss: 1.8961
  Batch [2400/2509] Loss: 1.8753
  Batch [2450/2509] Loss: 1.7550
  Batch [2500/2509] Loss: 1.7443
Train Loss: 1.7711 | Train Acc: 57.48%
Val Loss: 1.4041 | Val Top-1: 64.08% | Val Top-5: 87.26%

Epoch [18/100]
  Batch [0/2509] Loss: 1.7183
  Batch [50/2509] Loss: 1.6279
  Batch [100/2509] Loss: 1.7002
  Batch [150/2509] Loss: 1.7181
  Batch [200/2509] Loss: 1.5483
  Batch [250/2509] Loss: 1.5859
  Batch [300/2509] Loss: 1.7715
  Batch [350/2509] Loss: 1.8535
  Batch [400/2509] Loss: 1.6855
  Batch [450/2509] Loss: 1.7641
  Batch [500/2509] Loss: 1.9670
  Batch [550/2509] Loss: 1.6129
  Batch [600/2509] Loss: 1.7250
  Batch [650/2509] Loss: 1.5772
  Batch [700/2509] Loss: 1.7477
  Batch [750/2509] Loss: 1.6750
  Batch [800/2509] Loss: 1.8022
  Batch [850/2509] Loss: 1.8017
  Batch [900/2509] Loss: 1.8037
  Batch [950/2509] Loss: 2.1146
  Batch [1000/2509] Loss: 1.5167
  Batch [1050/2509] Loss: 1.7229
  Batch [1100/2509] Loss: 1.6900
  Batch [1150/2509] Loss: 1.7219
  Batch [1200/2509] Loss: 1.8550
  Batch [1250/2509] Loss: 1.8146
  Batch [1300/2509] Loss: 1.8274
  Batch [1350/2509] Loss: 1.7326
  Batch [1400/2509] Loss: 1.6266
  Batch [1450/2509] Loss: 1.7891
  Batch [1500/2509] Loss: 1.6016
  Batch [1550/2509] Loss: 1.8973
  Batch [1600/2509] Loss: 1.7201
  Batch [1650/2509] Loss: 1.8979
  Batch [1700/2509] Loss: 1.7267
  Batch [1750/2509] Loss: 1.5580
  Batch [1800/2509] Loss: 1.6562
  Batch [1850/2509] Loss: 1.8524
  Batch [1900/2509] Loss: 1.4590
  Batch [1950/2509] Loss: 1.7143
  Batch [2000/2509] Loss: 1.8468
  Batch [2050/2509] Loss: 1.8566
  Batch [2100/2509] Loss: 2.0465
  Batch [2150/2509] Loss: 1.9237
  Batch [2200/2509] Loss: 1.8936
  Batch [2250/2509] Loss: 1.5428
  Batch [2300/2509] Loss: 1.8123
  Batch [2350/2509] Loss: 1.6305
  Batch [2400/2509] Loss: 1.6918
  Batch [2450/2509] Loss: 2.0205
  Batch [2500/2509] Loss: 1.9757
Train Loss: 1.7480 | Train Acc: 57.99%
Val Loss: 1.3662 | Val Top-1: 65.10% | Val Top-5: 87.66%
Saved best model - with val acc: 65.10%)

Epoch [19/100]
  Batch [0/2509] Loss: 1.9151
  Batch [50/2509] Loss: 1.6248
  Batch [100/2509] Loss: 1.6383
  Batch [150/2509] Loss: 1.6177
  Batch [200/2509] Loss: 1.8553
  Batch [250/2509] Loss: 1.6048
  Batch [300/2509] Loss: 1.7375
  Batch [350/2509] Loss: 1.8598
  Batch [400/2509] Loss: 1.6120
  Batch [450/2509] Loss: 2.0022
  Batch [500/2509] Loss: 1.7255
  Batch [550/2509] Loss: 1.6392
  Batch [600/2509] Loss: 1.5825
  Batch [650/2509] Loss: 1.8469
  Batch [700/2509] Loss: 1.5363
  Batch [750/2509] Loss: 1.6137
  Batch [800/2509] Loss: 1.7852
  Batch [850/2509] Loss: 1.7794
  Batch [900/2509] Loss: 1.6566
  Batch [950/2509] Loss: 1.7935
  Batch [1000/2509] Loss: 1.4204
  Batch [1050/2509] Loss: 1.7790
  Batch [1100/2509] Loss: 1.6628
  Batch [1150/2509] Loss: 1.6256
  Batch [1200/2509] Loss: 1.7672
  Batch [1250/2509] Loss: 1.7361
  Batch [1300/2509] Loss: 1.7093
  Batch [1350/2509] Loss: 1.5240
  Batch [1400/2509] Loss: 1.6115
  Batch [1450/2509] Loss: 1.6281
  Batch [1500/2509] Loss: 1.9412
  Batch [1550/2509] Loss: 1.5824
  Batch [1600/2509] Loss: 1.9016
  Batch [1650/2509] Loss: 1.9832
  Batch [1700/2509] Loss: 1.8291
  Batch [1750/2509] Loss: 1.7829
  Batch [1800/2509] Loss: 1.7729
  Batch [1850/2509] Loss: 1.6407
  Batch [1900/2509] Loss: 1.5007
  Batch [1950/2509] Loss: 1.5376
  Batch [2000/2509] Loss: 1.7414
  Batch [2050/2509] Loss: 1.6845
  Batch [2100/2509] Loss: 1.7544
  Batch [2150/2509] Loss: 1.8716
  Batch [2200/2509] Loss: 1.6103
  Batch [2250/2509] Loss: 1.7195
  Batch [2300/2509] Loss: 1.6225
  Batch [2350/2509] Loss: 1.7879
  Batch [2400/2509] Loss: 1.7410
  Batch [2450/2509] Loss: 1.7825
  Batch [2500/2509] Loss: 1.9233
Train Loss: 1.7196 | Train Acc: 58.54%
Val Loss: 1.3426 | Val Top-1: 65.77% | Val Top-5: 87.82%
Saved best model - with val acc: 65.77%)

Epoch [20/100]
  Batch [0/2509] Loss: 1.6931
  Batch [50/2509] Loss: 1.5417
  Batch [100/2509] Loss: 1.6916
  Batch [150/2509] Loss: 1.5642
  Batch [200/2509] Loss: 1.8731
  Batch [250/2509] Loss: 1.4513
  Batch [300/2509] Loss: 1.6976
  Batch [350/2509] Loss: 1.7365
  Batch [400/2509] Loss: 1.5754
  Batch [450/2509] Loss: 1.6476
  Batch [500/2509] Loss: 1.5135
  Batch [550/2509] Loss: 1.8138
  Batch [600/2509] Loss: 1.6064
  Batch [650/2509] Loss: 1.6941
  Batch [700/2509] Loss: 1.8689
  Batch [750/2509] Loss: 1.7771
  Batch [800/2509] Loss: 1.7136
  Batch [850/2509] Loss: 1.7550
  Batch [900/2509] Loss: 1.6237
  Batch [950/2509] Loss: 1.6633
  Batch [1000/2509] Loss: 1.6152
  Batch [1050/2509] Loss: 1.8327
  Batch [1100/2509] Loss: 1.5582
  Batch [1150/2509] Loss: 1.7932
  Batch [1200/2509] Loss: 1.9188
  Batch [1250/2509] Loss: 1.5252
  Batch [1300/2509] Loss: 1.6084
  Batch [1350/2509] Loss: 1.7124
  Batch [1400/2509] Loss: 1.9326
  Batch [1450/2509] Loss: 1.6205
  Batch [1500/2509] Loss: 1.8409
  Batch [1550/2509] Loss: 1.7681
  Batch [1600/2509] Loss: 1.6895
  Batch [1650/2509] Loss: 1.7569
  Batch [1700/2509] Loss: 1.8095
  Batch [1750/2509] Loss: 1.5666
  Batch [1800/2509] Loss: 1.6246
  Batch [1850/2509] Loss: 1.7149
  Batch [1900/2509] Loss: 1.4474
  Batch [1950/2509] Loss: 1.7326
  Batch [2000/2509] Loss: 1.8523
  Batch [2050/2509] Loss: 1.7813
  Batch [2100/2509] Loss: 1.9483
  Batch [2150/2509] Loss: 1.7527
  Batch [2200/2509] Loss: 1.6287
  Batch [2250/2509] Loss: 1.6192
  Batch [2300/2509] Loss: 1.6423
  Batch [2350/2509] Loss: 1.7873
  Batch [2400/2509] Loss: 1.7711
  Batch [2450/2509] Loss: 1.7865
  Batch [2500/2509] Loss: 1.7727
Train Loss: 1.6948 | Train Acc: 59.09%
Val Loss: 1.3201 | Val Top-1: 65.96% | Val Top-5: 88.20%
Saved best model - with val acc: 65.96%)

Epoch [21/100]
  Batch [0/2509] Loss: 1.8052
  Batch [50/2509] Loss: 1.4724
  Batch [100/2509] Loss: 1.7623
  Batch [150/2509] Loss: 1.5384
  Batch [200/2509] Loss: 1.3918
  Batch [250/2509] Loss: 1.5980
  Batch [300/2509] Loss: 1.6082
  Batch [350/2509] Loss: 1.6263
  Batch [400/2509] Loss: 1.6678
  Batch [450/2509] Loss: 1.6510
  Batch [500/2509] Loss: 1.7173
  Batch [550/2509] Loss: 1.3605
  Batch [600/2509] Loss: 1.6420
  Batch [650/2509] Loss: 1.5138
  Batch [700/2509] Loss: 1.7616
  Batch [750/2509] Loss: 1.5870
  Batch [800/2509] Loss: 1.6298
  Batch [850/2509] Loss: 1.6652
  Batch [900/2509] Loss: 1.6413
  Batch [950/2509] Loss: 1.9235
  Batch [1000/2509] Loss: 1.8230
  Batch [1050/2509] Loss: 1.7208
  Batch [1100/2509] Loss: 1.6155
  Batch [1150/2509] Loss: 1.8753
  Batch [1200/2509] Loss: 1.8067
  Batch [1250/2509] Loss: 1.7031
  Batch [1300/2509] Loss: 1.8123
  Batch [1350/2509] Loss: 1.6632
  Batch [1400/2509] Loss: 1.7817
  Batch [1450/2509] Loss: 1.9051
  Batch [1500/2509] Loss: 1.5092
  Batch [1550/2509] Loss: 1.5879
  Batch [1600/2509] Loss: 1.7153
  Batch [1650/2509] Loss: 1.7354
  Batch [1700/2509] Loss: 1.4931
  Batch [1750/2509] Loss: 1.6950
  Batch [1800/2509] Loss: 1.7973
  Batch [1850/2509] Loss: 1.7910
  Batch [1900/2509] Loss: 1.8729
  Batch [1950/2509] Loss: 1.8341
  Batch [2000/2509] Loss: 1.8386
  Batch [2050/2509] Loss: 1.6572
  Batch [2100/2509] Loss: 1.7397
  Batch [2150/2509] Loss: 1.6614
  Batch [2200/2509] Loss: 1.7146
  Batch [2250/2509] Loss: 1.6264
  Batch [2300/2509] Loss: 1.9132
  Batch [2350/2509] Loss: 1.6415
  Batch [2400/2509] Loss: 1.5965
  Batch [2450/2509] Loss: 1.7938
  Batch [2500/2509] Loss: 1.8042
Train Loss: 1.6776 | Train Acc: 59.51%
Val Loss: 1.3326 | Val Top-1: 65.29% | Val Top-5: 88.07%

Epoch [22/100]
  Batch [0/2509] Loss: 1.6270
  Batch [50/2509] Loss: 1.4466
  Batch [100/2509] Loss: 1.5754
  Batch [150/2509] Loss: 1.7601
  Batch [200/2509] Loss: 1.4271
  Batch [250/2509] Loss: 1.5712
  Batch [300/2509] Loss: 1.7854
  Batch [350/2509] Loss: 1.6369
  Batch [400/2509] Loss: 1.5615
  Batch [450/2509] Loss: 1.4276
  Batch [500/2509] Loss: 1.6763
  Batch [550/2509] Loss: 1.5412
  Batch [600/2509] Loss: 1.4998
  Batch [650/2509] Loss: 1.5567
  Batch [700/2509] Loss: 1.6439
  Batch [750/2509] Loss: 1.5795
  Batch [800/2509] Loss: 1.5907
  Batch [850/2509] Loss: 1.4945
  Batch [900/2509] Loss: 1.8052
  Batch [950/2509] Loss: 1.5718
  Batch [1000/2509] Loss: 1.8999
  Batch [1050/2509] Loss: 1.6218
  Batch [1100/2509] Loss: 1.6730
  Batch [1150/2509] Loss: 1.4986
  Batch [1200/2509] Loss: 1.7917
  Batch [1250/2509] Loss: 1.7108
  Batch [1300/2509] Loss: 1.5828
  Batch [1350/2509] Loss: 1.8604
  Batch [1400/2509] Loss: 1.5772
  Batch [1450/2509] Loss: 1.7235
  Batch [1500/2509] Loss: 1.5712
  Batch [1550/2509] Loss: 1.7130
  Batch [1600/2509] Loss: 1.6277
  Batch [1650/2509] Loss: 1.5053
  Batch [1700/2509] Loss: 1.3664
  Batch [1750/2509] Loss: 1.6543
  Batch [1800/2509] Loss: 1.6270
  Batch [1850/2509] Loss: 1.7036
  Batch [1900/2509] Loss: 1.5111
  Batch [1950/2509] Loss: 1.7061
  Batch [2000/2509] Loss: 1.7884
  Batch [2050/2509] Loss: 1.7304
  Batch [2100/2509] Loss: 1.6020
  Batch [2150/2509] Loss: 1.8930
  Batch [2200/2509] Loss: 1.5614
  Batch [2250/2509] Loss: 1.8626
  Batch [2300/2509] Loss: 1.7747
  Batch [2350/2509] Loss: 1.5309
  Batch [2400/2509] Loss: 1.5821
  Batch [2450/2509] Loss: 1.4529
  Batch [2500/2509] Loss: 1.9616
Train Loss: 1.6532 | Train Acc: 59.98%
Val Loss: 1.2959 | Val Top-1: 66.72% | Val Top-5: 88.51%
Saved best model - with val acc: 66.72%)

Epoch [23/100]
  Batch [0/2509] Loss: 1.4923
  Batch [50/2509] Loss: 1.6083
  Batch [100/2509] Loss: 1.6436
  Batch [150/2509] Loss: 1.5128
  Batch [200/2509] Loss: 1.7097
  Batch [250/2509] Loss: 1.6510
  Batch [300/2509] Loss: 1.4532
  Batch [350/2509] Loss: 1.7890
  Batch [400/2509] Loss: 1.8961
  Batch [450/2509] Loss: 1.6471
  Batch [500/2509] Loss: 1.3976
  Batch [550/2509] Loss: 1.5494
  Batch [600/2509] Loss: 1.6432
  Batch [650/2509] Loss: 1.5700
  Batch [700/2509] Loss: 1.4542
  Batch [750/2509] Loss: 1.5633
  Batch [800/2509] Loss: 1.5123
  Batch [850/2509] Loss: 1.6298
  Batch [900/2509] Loss: 1.5890
  Batch [950/2509] Loss: 1.5777
  Batch [1000/2509] Loss: 1.6569
  Batch [1050/2509] Loss: 1.5031
  Batch [1100/2509] Loss: 1.5676
  Batch [1150/2509] Loss: 1.7702
  Batch [1200/2509] Loss: 1.7188
  Batch [1250/2509] Loss: 1.6721
  Batch [1300/2509] Loss: 1.6266
  Batch [1350/2509] Loss: 1.8947
  Batch [1400/2509] Loss: 1.5703
  Batch [1450/2509] Loss: 1.3962
  Batch [1500/2509] Loss: 1.4558
  Batch [1550/2509] Loss: 1.5899
  Batch [1600/2509] Loss: 1.6964
  Batch [1650/2509] Loss: 1.6282
  Batch [1700/2509] Loss: 1.7056
  Batch [1750/2509] Loss: 1.5449
  Batch [1800/2509] Loss: 1.8087
  Batch [1850/2509] Loss: 1.7417
  Batch [1900/2509] Loss: 1.3734
  Batch [1950/2509] Loss: 1.5852
  Batch [2000/2509] Loss: 1.6831
  Batch [2050/2509] Loss: 1.6063
  Batch [2100/2509] Loss: 1.4550
  Batch [2150/2509] Loss: 1.8724
  Batch [2200/2509] Loss: 1.6734
  Batch [2250/2509] Loss: 1.4774
  Batch [2300/2509] Loss: 1.5858
  Batch [2350/2509] Loss: 1.6317
  Batch [2400/2509] Loss: 1.4024
  Batch [2450/2509] Loss: 1.7728
  Batch [2500/2509] Loss: 1.4320
Train Loss: 1.6373 | Train Acc: 60.45%
Val Loss: 1.2905 | Val Top-1: 66.74% | Val Top-5: 88.60%
Saved best model - with val acc: 66.74%)

Epoch [24/100]
  Batch [0/2509] Loss: 1.6611
  Batch [50/2509] Loss: 1.6655
  Batch [100/2509] Loss: 1.8851
  Batch [150/2509] Loss: 1.6066
  Batch [200/2509] Loss: 1.7902
  Batch [250/2509] Loss: 1.5408
  Batch [300/2509] Loss: 1.6528
  Batch [350/2509] Loss: 1.5621
  Batch [400/2509] Loss: 1.5862
  Batch [450/2509] Loss: 1.6316
  Batch [500/2509] Loss: 1.5149
  Batch [550/2509] Loss: 1.6106
  Batch [600/2509] Loss: 1.6263
  Batch [650/2509] Loss: 1.5273
  Batch [700/2509] Loss: 1.7964
  Batch [750/2509] Loss: 1.4393
  Batch [800/2509] Loss: 1.4726
  Batch [850/2509] Loss: 1.6301
  Batch [900/2509] Loss: 1.5221
  Batch [950/2509] Loss: 1.6178
  Batch [1000/2509] Loss: 1.5674
  Batch [1050/2509] Loss: 1.7999
  Batch [1100/2509] Loss: 1.4331
  Batch [1150/2509] Loss: 1.8560
  Batch [1200/2509] Loss: 1.9684
  Batch [1250/2509] Loss: 1.6162
  Batch [1300/2509] Loss: 1.7310
  Batch [1350/2509] Loss: 1.4491
  Batch [1400/2509] Loss: 1.5343
  Batch [1450/2509] Loss: 1.8568
  Batch [1500/2509] Loss: 1.7070
  Batch [1550/2509] Loss: 1.7536
  Batch [1600/2509] Loss: 1.5877
  Batch [1650/2509] Loss: 1.5709
  Batch [1700/2509] Loss: 1.6277
  Batch [1750/2509] Loss: 1.5364
  Batch [1800/2509] Loss: 1.6811
  Batch [1850/2509] Loss: 1.4972
  Batch [1900/2509] Loss: 1.9084
  Batch [1950/2509] Loss: 1.7031
  Batch [2000/2509] Loss: 1.5881
  Batch [2050/2509] Loss: 1.6891
  Batch [2100/2509] Loss: 1.5811
  Batch [2150/2509] Loss: 1.7793
  Batch [2200/2509] Loss: 1.5984
  Batch [2250/2509] Loss: 1.7896
  Batch [2300/2509] Loss: 1.6337
  Batch [2350/2509] Loss: 1.6267
  Batch [2400/2509] Loss: 1.5154
  Batch [2450/2509] Loss: 1.6872
  Batch [2500/2509] Loss: 1.7979
Train Loss: 1.6176 | Train Acc: 60.80%
Val Loss: 1.2829 | Val Top-1: 67.10% | Val Top-5: 88.57%
Saved best model - with val acc: 67.10%)

Epoch [25/100]
  Batch [0/2509] Loss: 1.5645
  Batch [50/2509] Loss: 1.6845
  Batch [100/2509] Loss: 1.5595
  Batch [150/2509] Loss: 1.8233
  Batch [200/2509] Loss: 1.4088
  Batch [250/2509] Loss: 1.6991
  Batch [300/2509] Loss: 1.4967
  Batch [350/2509] Loss: 1.4715
  Batch [400/2509] Loss: 1.5419
  Batch [450/2509] Loss: 1.4991
  Batch [500/2509] Loss: 1.6536
  Batch [550/2509] Loss: 1.6652
  Batch [600/2509] Loss: 1.5633
  Batch [650/2509] Loss: 1.6267
  Batch [700/2509] Loss: 1.6623
  Batch [750/2509] Loss: 1.6210
  Batch [800/2509] Loss: 1.4880
  Batch [850/2509] Loss: 1.5705
  Batch [900/2509] Loss: 1.6474
  Batch [950/2509] Loss: 1.7849
  Batch [1000/2509] Loss: 1.6120
  Batch [1050/2509] Loss: 1.6008
  Batch [1100/2509] Loss: 1.7095
  Batch [1150/2509] Loss: 1.7488
  Batch [1200/2509] Loss: 1.3820
  Batch [1250/2509] Loss: 1.6624
  Batch [1300/2509] Loss: 1.5524
  Batch [1350/2509] Loss: 1.6616
  Batch [1400/2509] Loss: 1.5140
  Batch [1450/2509] Loss: 1.6512
  Batch [1500/2509] Loss: 1.5892
  Batch [1550/2509] Loss: 1.3820
  Batch [1600/2509] Loss: 1.6275
  Batch [1650/2509] Loss: 1.4882
  Batch [1700/2509] Loss: 1.5722
  Batch [1750/2509] Loss: 1.7320
  Batch [1800/2509] Loss: 1.5159
  Batch [1850/2509] Loss: 1.9055
  Batch [1900/2509] Loss: 1.5766
  Batch [1950/2509] Loss: 1.7810
  Batch [2000/2509] Loss: 1.7754
  Batch [2050/2509] Loss: 1.4662
  Batch [2100/2509] Loss: 1.6029
  Batch [2150/2509] Loss: 1.5023
  Batch [2200/2509] Loss: 1.6029
  Batch [2250/2509] Loss: 1.5887
  Batch [2300/2509] Loss: 1.3843
  Batch [2350/2509] Loss: 1.6816
  Batch [2400/2509] Loss: 1.6542
  Batch [2450/2509] Loss: 1.5277
  Batch [2500/2509] Loss: 1.6827
Train Loss: 1.5999 | Train Acc: 61.20%
Val Loss: 1.2465 | Val Top-1: 67.94% | Val Top-5: 89.14%
Saved best model - with val acc: 67.94%)

Epoch [26/100]
  Batch [0/2509] Loss: 1.6474
  Batch [50/2509] Loss: 1.8351
  Batch [100/2509] Loss: 1.6290
  Batch [150/2509] Loss: 1.9284
  Batch [200/2509] Loss: 1.5809
  Batch [250/2509] Loss: 1.6367
  Batch [300/2509] Loss: 1.6405
  Batch [350/2509] Loss: 1.7381
  Batch [400/2509] Loss: 1.5445
  Batch [450/2509] Loss: 1.7845
  Batch [500/2509] Loss: 1.6665
  Batch [550/2509] Loss: 1.7360
  Batch [600/2509] Loss: 1.6865
  Batch [650/2509] Loss: 1.5913
  Batch [700/2509] Loss: 1.5777
  Batch [750/2509] Loss: 1.3926
  Batch [800/2509] Loss: 1.4792
  Batch [850/2509] Loss: 1.6049
  Batch [900/2509] Loss: 1.4707
  Batch [950/2509] Loss: 1.5755
  Batch [1000/2509] Loss: 1.5611
  Batch [1050/2509] Loss: 1.5198
  Batch [1100/2509] Loss: 1.6561
  Batch [1150/2509] Loss: 1.7999
  Batch [1200/2509] Loss: 1.7067
  Batch [1250/2509] Loss: 1.5045
  Batch [1300/2509] Loss: 1.5524
  Batch [1350/2509] Loss: 1.6721
  Batch [1400/2509] Loss: 1.4988
  Batch [1450/2509] Loss: 1.4444
  Batch [1500/2509] Loss: 1.7322
  Batch [1550/2509] Loss: 1.9010
  Batch [1600/2509] Loss: 1.7054
  Batch [1650/2509] Loss: 1.5203
  Batch [1700/2509] Loss: 1.7879
  Batch [1750/2509] Loss: 1.4727
  Batch [1800/2509] Loss: 1.5551
  Batch [1850/2509] Loss: 1.5491
  Batch [1900/2509] Loss: 1.4907
  Batch [1950/2509] Loss: 1.6617
  Batch [2000/2509] Loss: 1.4407
  Batch [2050/2509] Loss: 1.5014
  Batch [2100/2509] Loss: 1.5441
  Batch [2150/2509] Loss: 1.4371
  Batch [2200/2509] Loss: 1.3236
  Batch [2250/2509] Loss: 1.5929
  Batch [2300/2509] Loss: 1.6187
  Batch [2350/2509] Loss: 1.5268
  Batch [2400/2509] Loss: 1.6480
  Batch [2450/2509] Loss: 1.5393
  Batch [2500/2509] Loss: 1.4780
Train Loss: 1.5847 | Train Acc: 61.56%
Val Loss: 1.2319 | Val Top-1: 68.18% | Val Top-5: 89.40%
Saved best model - with val acc: 68.18%)

Epoch [27/100]
  Batch [0/2509] Loss: 1.6608
  Batch [50/2509] Loss: 1.6190
  Batch [100/2509] Loss: 1.6236
  Batch [150/2509] Loss: 1.6664
  Batch [200/2509] Loss: 1.6866
  Batch [250/2509] Loss: 1.5241
  Batch [300/2509] Loss: 1.5407
  Batch [350/2509] Loss: 1.5675
  Batch [400/2509] Loss: 1.5395
  Batch [450/2509] Loss: 1.6034
  Batch [500/2509] Loss: 1.4562
  Batch [550/2509] Loss: 1.6786
  Batch [600/2509] Loss: 1.5403
  Batch [650/2509] Loss: 1.4381
  Batch [700/2509] Loss: 1.3705
  Batch [750/2509] Loss: 1.7625
  Batch [800/2509] Loss: 1.6406
  Batch [850/2509] Loss: 1.6472
  Batch [900/2509] Loss: 1.3924
  Batch [950/2509] Loss: 1.5086
  Batch [1000/2509] Loss: 1.4996
  Batch [1050/2509] Loss: 1.7157
  Batch [1100/2509] Loss: 1.7665
  Batch [1150/2509] Loss: 1.5496
  Batch [1200/2509] Loss: 1.7080
  Batch [1250/2509] Loss: 1.1970
  Batch [1300/2509] Loss: 1.4699
  Batch [1350/2509] Loss: 1.4032
  Batch [1400/2509] Loss: 1.6099
  Batch [1450/2509] Loss: 1.6074
  Batch [1500/2509] Loss: 1.6461
  Batch [1550/2509] Loss: 1.6297
  Batch [1600/2509] Loss: 1.4700
  Batch [1650/2509] Loss: 1.4729
  Batch [1700/2509] Loss: 1.4424
  Batch [1750/2509] Loss: 1.5222
  Batch [1800/2509] Loss: 1.5832
  Batch [1850/2509] Loss: 1.3304
  Batch [1900/2509] Loss: 1.5364
  Batch [1950/2509] Loss: 1.4338
  Batch [2000/2509] Loss: 1.6901
  Batch [2050/2509] Loss: 1.6141
  Batch [2100/2509] Loss: 1.5061
  Batch [2150/2509] Loss: 1.4935
  Batch [2200/2509] Loss: 1.4733
  Batch [2250/2509] Loss: 1.4857
  Batch [2300/2509] Loss: 1.5958
  Batch [2350/2509] Loss: 1.6237
  Batch [2400/2509] Loss: 1.8335
  Batch [2450/2509] Loss: 1.5175
  Batch [2500/2509] Loss: 1.5843
Train Loss: 1.5670 | Train Acc: 61.94%
Val Loss: 1.2228 | Val Top-1: 68.24% | Val Top-5: 89.52%
Saved best model - with val acc: 68.24%)

Epoch [28/100]
  Batch [0/2509] Loss: 1.5679
  Batch [50/2509] Loss: 1.4128
  Batch [100/2509] Loss: 1.6672
  Batch [150/2509] Loss: 1.5900
  Batch [200/2509] Loss: 1.5387
  Batch [250/2509] Loss: 1.4392
  Batch [300/2509] Loss: 1.4742
  Batch [350/2509] Loss: 1.4914
  Batch [400/2509] Loss: 1.6245
  Batch [450/2509] Loss: 1.7668
  Batch [500/2509] Loss: 1.5657
  Batch [550/2509] Loss: 1.3777
  Batch [600/2509] Loss: 1.4447
  Batch [650/2509] Loss: 1.6193
  Batch [700/2509] Loss: 1.6540
  Batch [750/2509] Loss: 1.3675
  Batch [800/2509] Loss: 1.6283
  Batch [850/2509] Loss: 1.4811
  Batch [900/2509] Loss: 1.6716
  Batch [950/2509] Loss: 1.3670
  Batch [1000/2509] Loss: 1.5630
  Batch [1050/2509] Loss: 1.4613
  Batch [1100/2509] Loss: 1.5562
  Batch [1150/2509] Loss: 1.6695
  Batch [1200/2509] Loss: 1.7077
  Batch [1250/2509] Loss: 1.5209
  Batch [1300/2509] Loss: 1.5811
  Batch [1350/2509] Loss: 1.3851
  Batch [1400/2509] Loss: 1.6134
  Batch [1450/2509] Loss: 1.3603
  Batch [1500/2509] Loss: 1.5171
  Batch [1550/2509] Loss: 1.5782
  Batch [1600/2509] Loss: 1.6699
  Batch [1650/2509] Loss: 1.5958
  Batch [1700/2509] Loss: 1.6961
  Batch [1750/2509] Loss: 1.4927
  Batch [1800/2509] Loss: 1.7394
  Batch [1850/2509] Loss: 1.4230
  Batch [1900/2509] Loss: 1.5036
  Batch [1950/2509] Loss: 1.5420
  Batch [2000/2509] Loss: 1.6432
  Batch [2050/2509] Loss: 1.6376
  Batch [2100/2509] Loss: 1.7772
  Batch [2150/2509] Loss: 1.6986
  Batch [2200/2509] Loss: 1.4666
  Batch [2250/2509] Loss: 1.5838
  Batch [2300/2509] Loss: 1.5617
  Batch [2350/2509] Loss: 1.4674
  Batch [2400/2509] Loss: 1.6917
  Batch [2450/2509] Loss: 1.4875
  Batch [2500/2509] Loss: 1.6907
Train Loss: 1.5549 | Train Acc: 62.15%
Val Loss: 1.2243 | Val Top-1: 68.40% | Val Top-5: 89.51%
Saved best model - with val acc: 68.40%)

Epoch [29/100]
  Batch [0/2509] Loss: 1.7587
  Batch [50/2509] Loss: 1.5366
  Batch [100/2509] Loss: 1.3790
  Batch [150/2509] Loss: 1.4817
  Batch [200/2509] Loss: 1.6496
  Batch [250/2509] Loss: 1.6592
  Batch [300/2509] Loss: 1.5071
  Batch [350/2509] Loss: 1.5324
  Batch [400/2509] Loss: 1.5070
  Batch [450/2509] Loss: 1.6372
  Batch [500/2509] Loss: 1.5600
  Batch [550/2509] Loss: 1.5645
  Batch [600/2509] Loss: 1.6148
  Batch [650/2509] Loss: 1.6263
  Batch [700/2509] Loss: 1.4715
  Batch [750/2509] Loss: 1.5833
  Batch [800/2509] Loss: 1.5530
  Batch [850/2509] Loss: 1.4928
  Batch [900/2509] Loss: 1.3907
  Batch [950/2509] Loss: 1.5862
  Batch [1000/2509] Loss: 1.8075
  Batch [1050/2509] Loss: 1.4124
  Batch [1100/2509] Loss: 1.5725
  Batch [1150/2509] Loss: 1.5383
  Batch [1200/2509] Loss: 1.5915
  Batch [1250/2509] Loss: 1.5369
  Batch [1300/2509] Loss: 1.5596
  Batch [1350/2509] Loss: 1.5968
  Batch [1400/2509] Loss: 1.5838
  Batch [1450/2509] Loss: 1.5242
  Batch [1500/2509] Loss: 1.5611
  Batch [1550/2509] Loss: 1.5697
  Batch [1600/2509] Loss: 1.6281
  Batch [1650/2509] Loss: 1.4284
  Batch [1700/2509] Loss: 1.5091
  Batch [1750/2509] Loss: 1.5590
  Batch [1800/2509] Loss: 1.5707
  Batch [1850/2509] Loss: 1.3592
  Batch [1900/2509] Loss: 1.6001
  Batch [1950/2509] Loss: 1.2616
  Batch [2000/2509] Loss: 1.4920
  Batch [2050/2509] Loss: 1.7286
  Batch [2100/2509] Loss: 1.1891
  Batch [2150/2509] Loss: 1.5374
  Batch [2200/2509] Loss: 1.4152
  Batch [2250/2509] Loss: 1.6286
  Batch [2300/2509] Loss: 1.2651
  Batch [2350/2509] Loss: 1.3774
  Batch [2400/2509] Loss: 1.4981
  Batch [2450/2509] Loss: 1.4749
  Batch [2500/2509] Loss: 1.5254
Train Loss: 1.5385 | Train Acc: 62.57%
Val Loss: 1.2022 | Val Top-1: 69.09% | Val Top-5: 89.85%
Saved best model - with val acc: 69.09%)

Epoch [30/100]
  Batch [0/2509] Loss: 1.5438
  Batch [50/2509] Loss: 1.3511
  Batch [100/2509] Loss: 1.3215
  Batch [150/2509] Loss: 1.7286
  Batch [200/2509] Loss: 1.5007
  Batch [250/2509] Loss: 1.6845
  Batch [300/2509] Loss: 1.5857
  Batch [350/2509] Loss: 1.4791
  Batch [400/2509] Loss: 1.2863
  Batch [450/2509] Loss: 1.5139
  Batch [500/2509] Loss: 1.6284
  Batch [550/2509] Loss: 1.4713
  Batch [600/2509] Loss: 1.5081
  Batch [650/2509] Loss: 1.4019
  Batch [700/2509] Loss: 1.5790
  Batch [750/2509] Loss: 1.6150
  Batch [800/2509] Loss: 1.5661
  Batch [850/2509] Loss: 1.6097
  Batch [900/2509] Loss: 1.4141
  Batch [950/2509] Loss: 1.4966
  Batch [1000/2509] Loss: 1.4272
  Batch [1050/2509] Loss: 1.5311
  Batch [1100/2509] Loss: 1.5821
  Batch [1150/2509] Loss: 1.2921
  Batch [1200/2509] Loss: 1.4025
  Batch [1250/2509] Loss: 1.7142
  Batch [1300/2509] Loss: 1.4752
  Batch [1350/2509] Loss: 1.5132
  Batch [1400/2509] Loss: 1.6027
  Batch [1450/2509] Loss: 1.5704
  Batch [1500/2509] Loss: 1.5708
  Batch [1550/2509] Loss: 1.4289
  Batch [1600/2509] Loss: 1.6533
  Batch [1650/2509] Loss: 1.5423
  Batch [1700/2509] Loss: 1.3133
  Batch [1750/2509] Loss: 1.4774
  Batch [1800/2509] Loss: 1.6989
  Batch [1850/2509] Loss: 1.5963
  Batch [1900/2509] Loss: 1.5090
  Batch [1950/2509] Loss: 1.4895
  Batch [2000/2509] Loss: 1.5218
  Batch [2050/2509] Loss: 1.4975
  Batch [2100/2509] Loss: 1.7652
  Batch [2150/2509] Loss: 1.5584
  Batch [2200/2509] Loss: 1.6354
  Batch [2250/2509] Loss: 1.4305
  Batch [2300/2509] Loss: 1.5706
  Batch [2350/2509] Loss: 1.5811
  Batch [2400/2509] Loss: 1.4634
  Batch [2450/2509] Loss: 1.5477
  Batch [2500/2509] Loss: 1.5902
Train Loss: 1.5271 | Train Acc: 62.78%
Val Loss: 1.1972 | Val Top-1: 69.08% | Val Top-5: 89.77%

Epoch [31/100]
  Batch [0/2509] Loss: 1.4126
  Batch [50/2509] Loss: 1.4813
  Batch [100/2509] Loss: 1.5082
  Batch [150/2509] Loss: 1.4987
  Batch [200/2509] Loss: 1.3866
  Batch [250/2509] Loss: 1.3241
  Batch [300/2509] Loss: 1.4391
  Batch [350/2509] Loss: 1.6465
  Batch [400/2509] Loss: 1.5805
  Batch [450/2509] Loss: 1.5582
  Batch [500/2509] Loss: 1.5181
  Batch [550/2509] Loss: 1.5671
  Batch [600/2509] Loss: 1.6031
  Batch [650/2509] Loss: 1.5188
  Batch [700/2509] Loss: 1.4599
  Batch [750/2509] Loss: 1.3638
  Batch [800/2509] Loss: 1.4622
  Batch [850/2509] Loss: 1.4781
  Batch [900/2509] Loss: 1.3426
  Batch [950/2509] Loss: 1.5177
  Batch [1000/2509] Loss: 1.6816
  Batch [1050/2509] Loss: 1.4925
  Batch [1100/2509] Loss: 1.4462
  Batch [1150/2509] Loss: 1.4940
  Batch [1200/2509] Loss: 1.4336
  Batch [1250/2509] Loss: 1.6895
  Batch [1300/2509] Loss: 1.6295
  Batch [1350/2509] Loss: 1.5362
  Batch [1400/2509] Loss: 1.4370
  Batch [1450/2509] Loss: 1.3959
  Batch [1500/2509] Loss: 1.4836
  Batch [1550/2509] Loss: 1.5119
  Batch [1600/2509] Loss: 1.5701
  Batch [1650/2509] Loss: 1.5705
  Batch [1700/2509] Loss: 1.4547
  Batch [1750/2509] Loss: 1.5034
  Batch [1800/2509] Loss: 1.5158
  Batch [1850/2509] Loss: 1.5312
  Batch [1900/2509] Loss: 1.4970
  Batch [1950/2509] Loss: 1.5712
  Batch [2000/2509] Loss: 1.4835
  Batch [2050/2509] Loss: 1.4589
  Batch [2100/2509] Loss: 1.5530
  Batch [2150/2509] Loss: 1.4052
  Batch [2200/2509] Loss: 1.4044
  Batch [2250/2509] Loss: 1.3304
  Batch [2300/2509] Loss: 1.5714
  Batch [2350/2509] Loss: 1.5771
  Batch [2400/2509] Loss: 1.5437
  Batch [2450/2509] Loss: 1.4758
  Batch [2500/2509] Loss: 1.6594
Train Loss: 1.5135 | Train Acc: 63.07%
Val Loss: 1.2064 | Val Top-1: 68.80% | Val Top-5: 89.72%

Epoch [32/100]
