Device: cuda
train size: 642289

Epoch [1/100]
  Batch [0/2509] Loss: 6.2147
  Batch [50/2509] Loss: 6.2142
  Batch [100/2509] Loss: 6.2151
  Batch [150/2509] Loss: 6.2166
  Batch [200/2509] Loss: 6.2146
  Batch [250/2509] Loss: 6.2129
  Batch [300/2509] Loss: 6.2167
  Batch [350/2509] Loss: 6.2147
  Batch [400/2509] Loss: 6.2133
  Batch [450/2509] Loss: 6.2119
  Batch [500/2509] Loss: 6.2138
  Batch [550/2509] Loss: 6.2144
  Batch [600/2509] Loss: 6.2157
  Batch [650/2509] Loss: 6.2138
  Batch [700/2509] Loss: 6.2145
  Batch [750/2509] Loss: 6.2147
  Batch [800/2509] Loss: 6.2110
  Batch [850/2509] Loss: 6.2149
  Batch [900/2509] Loss: 6.2146
  Batch [950/2509] Loss: 6.2144
  Batch [1000/2509] Loss: 6.2126
  Batch [1050/2509] Loss: 6.2133
  Batch [1100/2509] Loss: 6.2156
  Batch [1150/2509] Loss: 6.2113
  Batch [1200/2509] Loss: 6.2156
  Batch [1250/2509] Loss: 6.2152
  Batch [1300/2509] Loss: 6.2115
  Batch [1350/2509] Loss: 6.2112
  Batch [1400/2509] Loss: 6.2135
  Batch [1450/2509] Loss: 6.2136
  Batch [1500/2509] Loss: 6.2155
  Batch [1550/2509] Loss: 6.2121
  Batch [1600/2509] Loss: 6.2159
  Batch [1650/2509] Loss: 6.2149
  Batch [1700/2509] Loss: 6.2122
  Batch [1750/2509] Loss: 6.2144
  Batch [1800/2509] Loss: 6.2122
  Batch [1850/2509] Loss: 6.2147
  Batch [1900/2509] Loss: 6.2148
  Batch [1950/2509] Loss: 6.2131
  Batch [2000/2509] Loss: 6.2141
  Batch [2050/2509] Loss: 6.2128
  Batch [2100/2509] Loss: 6.2146
  Batch [2150/2509] Loss: 6.2152
  Batch [2200/2509] Loss: 6.2146
  Batch [2250/2509] Loss: 6.2130
  Batch [2300/2509] Loss: 6.2102
  Batch [2350/2509] Loss: 6.2131
  Batch [2400/2509] Loss: 6.2128
  Batch [2450/2509] Loss: 6.2112
  Batch [2500/2509] Loss: 6.2124
Train Loss: 6.2142 | Train Acc: 0.20%
Val Loss: 6.2143 | Val Top-1: 0.34% | Val Top-5: 1.38%
Saved best model - with val acc: 0.34%)

Epoch [2/100]
  Batch [0/2509] Loss: 6.2138
  Batch [50/2509] Loss: 6.2139
  Batch [100/2509] Loss: 6.2138
  Batch [150/2509] Loss: 6.2129
  Batch [200/2509] Loss: 6.2132
  Batch [250/2509] Loss: 6.2130
  Batch [300/2509] Loss: 6.2133
  Batch [350/2509] Loss: 6.2115
  Batch [400/2509] Loss: 6.2124
  Batch [450/2509] Loss: 6.2125
  Batch [500/2509] Loss: 6.2132
  Batch [550/2509] Loss: 6.2128
  Batch [600/2509] Loss: 6.2122
  Batch [650/2509] Loss: 6.2120
  Batch [700/2509] Loss: 6.2142
  Batch [750/2509] Loss: 6.2139
  Batch [800/2509] Loss: 6.2123
  Batch [850/2509] Loss: 6.2119
  Batch [900/2509] Loss: 6.2132
  Batch [950/2509] Loss: 6.2118
  Batch [1000/2509] Loss: 6.2118
  Batch [1050/2509] Loss: 6.2126
  Batch [1100/2509] Loss: 6.2112
  Batch [1150/2509] Loss: 6.2133
  Batch [1200/2509] Loss: 6.2133
  Batch [1250/2509] Loss: 6.2134
  Batch [1300/2509] Loss: 6.2149
  Batch [1350/2509] Loss: 6.2140
  Batch [1400/2509] Loss: 6.2113
  Batch [1450/2509] Loss: 6.2118
  Batch [1500/2509] Loss: 6.2121
  Batch [1550/2509] Loss: 6.2112
  Batch [1600/2509] Loss: 6.2105
  Batch [1650/2509] Loss: 6.2110
  Batch [1700/2509] Loss: 6.2126
  Batch [1750/2509] Loss: 6.2123
  Batch [1800/2509] Loss: 6.2121
  Batch [1850/2509] Loss: 6.2135
  Batch [1900/2509] Loss: 6.2132
  Batch [1950/2509] Loss: 6.2149
  Batch [2000/2509] Loss: 6.2133
  Batch [2050/2509] Loss: 6.2152
  Batch [2100/2509] Loss: 6.2103
  Batch [2150/2509] Loss: 6.2116
  Batch [2200/2509] Loss: 6.2174
  Batch [2250/2509] Loss: 6.2107
  Batch [2300/2509] Loss: 6.2157
  Batch [2350/2509] Loss: 6.2133
  Batch [2400/2509] Loss: 6.2114
  Batch [2450/2509] Loss: 6.2151
  Batch [2500/2509] Loss: 6.2116
Train Loss: 6.2126 | Train Acc: 0.32%
Val Loss: 6.2137 | Val Top-1: 0.52% | Val Top-5: 2.35%
Saved best model - with val acc: 0.52%)

Epoch [3/100]
  Batch [0/2509] Loss: 6.2098
  Batch [50/2509] Loss: 6.2183
  Batch [100/2509] Loss: 6.2134
  Batch [150/2509] Loss: 6.2124
  Batch [200/2509] Loss: 6.2100
  Batch [250/2509] Loss: 6.2107
  Batch [300/2509] Loss: 6.2117
  Batch [350/2509] Loss: 6.2083
  Batch [400/2509] Loss: 6.2129
  Batch [450/2509] Loss: 6.2104
  Batch [500/2509] Loss: 6.2116
  Batch [550/2509] Loss: 6.2089
  Batch [600/2509] Loss: 6.2088
  Batch [650/2509] Loss: 6.2105
  Batch [700/2509] Loss: 6.2130
  Batch [750/2509] Loss: 6.2121
  Batch [800/2509] Loss: 6.2094
  Batch [850/2509] Loss: 6.2139
  Batch [900/2509] Loss: 6.2115
  Batch [950/2509] Loss: 6.2116
  Batch [1000/2509] Loss: 6.2128
  Batch [1050/2509] Loss: 6.2124
  Batch [1100/2509] Loss: 6.2081
  Batch [1150/2509] Loss: 6.2082
  Batch [1200/2509] Loss: 6.2142
  Batch [1250/2509] Loss: 6.2142
  Batch [1300/2509] Loss: 6.2135
  Batch [1350/2509] Loss: 6.2126
  Batch [1400/2509] Loss: 6.2166
  Batch [1450/2509] Loss: 6.2122
  Batch [1500/2509] Loss: 6.2106
  Batch [1550/2509] Loss: 6.2115
  Batch [1600/2509] Loss: 6.2108
  Batch [1650/2509] Loss: 6.2133
  Batch [1700/2509] Loss: 6.2087
  Batch [1750/2509] Loss: 6.2127
  Batch [1800/2509] Loss: 6.2090
  Batch [1850/2509] Loss: 6.2131
  Batch [1900/2509] Loss: 6.2126
  Batch [1950/2509] Loss: 6.2097
  Batch [2000/2509] Loss: 6.2111
  Batch [2050/2509] Loss: 6.2111
  Batch [2100/2509] Loss: 6.2105
  Batch [2150/2509] Loss: 6.2094
  Batch [2200/2509] Loss: 6.2128
  Batch [2250/2509] Loss: 6.2141
  Batch [2300/2509] Loss: 6.2093
  Batch [2350/2509] Loss: 6.2076
  Batch [2400/2509] Loss: 6.2117
  Batch [2450/2509] Loss: 6.2123
  Batch [2500/2509] Loss: 6.2098
Train Loss: 6.2114 | Train Acc: 0.49%
Val Loss: 6.2131 | Val Top-1: 0.78% | Val Top-5: 3.25%
Saved best model - with val acc: 0.78%)

Epoch [4/100]
  Batch [0/2509] Loss: 6.2080
  Batch [50/2509] Loss: 6.2103
  Batch [100/2509] Loss: 6.2110
  Batch [150/2509] Loss: 6.2093
  Batch [200/2509] Loss: 6.2090
  Batch [250/2509] Loss: 6.2141
  Batch [300/2509] Loss: 6.2099
  Batch [350/2509] Loss: 6.2121
  Batch [400/2509] Loss: 6.2070
  Batch [450/2509] Loss: 6.2106
  Batch [500/2509] Loss: 6.2166
  Batch [550/2509] Loss: 6.2105
  Batch [600/2509] Loss: 6.2110
  Batch [650/2509] Loss: 6.2114
  Batch [700/2509] Loss: 6.2108
  Batch [750/2509] Loss: 6.2098
  Batch [800/2509] Loss: 6.2082
  Batch [850/2509] Loss: 6.2094
  Batch [900/2509] Loss: 6.2080
  Batch [950/2509] Loss: 6.2089
  Batch [1000/2509] Loss: 6.2065
  Batch [1050/2509] Loss: 6.2135
  Batch [1100/2509] Loss: 6.2089
  Batch [1150/2509] Loss: 6.2098
  Batch [1200/2509] Loss: 6.2103
  Batch [1250/2509] Loss: 6.2135
  Batch [1300/2509] Loss: 6.2127
  Batch [1350/2509] Loss: 6.2149
  Batch [1400/2509] Loss: 6.2082
  Batch [1450/2509] Loss: 6.2079
  Batch [1500/2509] Loss: 6.2130
  Batch [1550/2509] Loss: 6.2064
  Batch [1600/2509] Loss: 6.2118
  Batch [1650/2509] Loss: 6.2149
  Batch [1700/2509] Loss: 6.2086
  Batch [1750/2509] Loss: 6.2080
  Batch [1800/2509] Loss: 6.2078
  Batch [1850/2509] Loss: 6.2103
  Batch [1900/2509] Loss: 6.2108
  Batch [1950/2509] Loss: 6.2095
  Batch [2000/2509] Loss: 6.2088
  Batch [2050/2509] Loss: 6.2111
  Batch [2100/2509] Loss: 6.2166
  Batch [2150/2509] Loss: 6.2142
  Batch [2200/2509] Loss: 6.2136
  Batch [2250/2509] Loss: 6.2103
  Batch [2300/2509] Loss: 6.2089
  Batch [2350/2509] Loss: 6.2084
  Batch [2400/2509] Loss: 6.2078
  Batch [2450/2509] Loss: 6.2090
  Batch [2500/2509] Loss: 6.2081
Train Loss: 6.2103 | Train Acc: 0.62%
Val Loss: 6.2122 | Val Top-1: 0.95% | Val Top-5: 3.69%
Saved best model - with val acc: 0.95%)

Epoch [5/100]
  Batch [0/2509] Loss: 6.2113
  Batch [50/2509] Loss: 6.2047
  Batch [100/2509] Loss: 6.2106
  Batch [150/2509] Loss: 6.2070
  Batch [200/2509] Loss: 6.2102
  Batch [250/2509] Loss: 6.2064
  Batch [300/2509] Loss: 6.2079
  Batch [350/2509] Loss: 6.2087
  Batch [400/2509] Loss: 6.2090
  Batch [450/2509] Loss: 6.2167
  Batch [500/2509] Loss: 6.2069
  Batch [550/2509] Loss: 6.2104
  Batch [600/2509] Loss: 6.2115
  Batch [650/2509] Loss: 6.2042
  Batch [700/2509] Loss: 6.2101
  Batch [750/2509] Loss: 6.2066
  Batch [800/2509] Loss: 6.2067
  Batch [850/2509] Loss: 6.2075
  Batch [900/2509] Loss: 6.2070
  Batch [950/2509] Loss: 6.2112
  Batch [1000/2509] Loss: 6.2109
  Batch [1050/2509] Loss: 6.2068
  Batch [1100/2509] Loss: 6.2100
  Batch [1150/2509] Loss: 6.2111
  Batch [1200/2509] Loss: 6.2121
  Batch [1250/2509] Loss: 6.2102
  Batch [1300/2509] Loss: 6.2057
  Batch [1350/2509] Loss: 6.2100
  Batch [1400/2509] Loss: 6.2155
  Batch [1450/2509] Loss: 6.2100
  Batch [1500/2509] Loss: 6.2094
  Batch [1550/2509] Loss: 6.2087
  Batch [1600/2509] Loss: 6.2102
  Batch [1650/2509] Loss: 6.2030
  Batch [1700/2509] Loss: 6.2071
  Batch [1750/2509] Loss: 6.2042
  Batch [1800/2509] Loss: 6.2089
  Batch [1850/2509] Loss: 6.2097
  Batch [1900/2509] Loss: 6.2099
  Batch [1950/2509] Loss: 6.2086
  Batch [2000/2509] Loss: 6.2175
  Batch [2050/2509] Loss: 6.2112
  Batch [2100/2509] Loss: 6.2093
  Batch [2150/2509] Loss: 6.2147
  Batch [2200/2509] Loss: 6.2177
  Batch [2250/2509] Loss: 6.2034
  Batch [2300/2509] Loss: 6.2065
  Batch [2350/2509] Loss: 6.2101
  Batch [2400/2509] Loss: 6.2068
  Batch [2450/2509] Loss: 6.2070
  Batch [2500/2509] Loss: 6.2069
Train Loss: 6.2092 | Train Acc: 0.68%
Val Loss: 6.2112 | Val Top-1: 1.00% | Val Top-5: 4.36%
Saved best model - with val acc: 1.00%)

Epoch [6/100]
  Batch [0/2509] Loss: 6.2049
  Batch [50/2509] Loss: 6.2079
  Batch [100/2509] Loss: 6.2057
  Batch [150/2509] Loss: 6.2083
  Batch [200/2509] Loss: 6.2081
  Batch [250/2509] Loss: 6.2112
  Batch [300/2509] Loss: 6.2062
  Batch [350/2509] Loss: 6.2091
  Batch [400/2509] Loss: 6.2125
  Batch [450/2509] Loss: 6.2034
  Batch [500/2509] Loss: 6.2059
  Batch [550/2509] Loss: 6.2061
  Batch [600/2509] Loss: 6.2066
  Batch [650/2509] Loss: 6.2085
  Batch [700/2509] Loss: 6.2042
  Batch [750/2509] Loss: 6.2046
  Batch [800/2509] Loss: 6.2043
  Batch [850/2509] Loss: 6.2061
  Batch [900/2509] Loss: 6.2076
  Batch [950/2509] Loss: 6.2049
  Batch [1000/2509] Loss: 6.2111
  Batch [1050/2509] Loss: 6.2059
  Batch [1100/2509] Loss: 6.2100
  Batch [1150/2509] Loss: 6.2069
  Batch [1200/2509] Loss: 6.2079
  Batch [1250/2509] Loss: 6.2096
  Batch [1300/2509] Loss: 6.2084
  Batch [1350/2509] Loss: 6.2073
  Batch [1400/2509] Loss: 6.2080
  Batch [1450/2509] Loss: 6.2075
  Batch [1500/2509] Loss: 6.2083
  Batch [1550/2509] Loss: 6.2044
  Batch [1600/2509] Loss: 6.2085
  Batch [1650/2509] Loss: 6.2092
  Batch [1700/2509] Loss: 6.2112
  Batch [1750/2509] Loss: 6.2096
  Batch [1800/2509] Loss: 6.2033
  Batch [1850/2509] Loss: 6.2032
  Batch [1900/2509] Loss: 6.2021
  Batch [1950/2509] Loss: 6.2038
  Batch [2000/2509] Loss: 6.2033
  Batch [2050/2509] Loss: 6.2078
  Batch [2100/2509] Loss: 6.2047
  Batch [2150/2509] Loss: 6.2118
  Batch [2200/2509] Loss: 6.2098
  Batch [2250/2509] Loss: 6.2048
  Batch [2300/2509] Loss: 6.2047
  Batch [2350/2509] Loss: 6.2115
  Batch [2400/2509] Loss: 6.2110
  Batch [2450/2509] Loss: 6.2065
  Batch [2500/2509] Loss: 6.2092
Train Loss: 6.2081 | Train Acc: 0.76%
Val Loss: 6.2100 | Val Top-1: 0.87% | Val Top-5: 4.35%

Epoch [7/100]
  Batch [0/2509] Loss: 6.2046
  Batch [50/2509] Loss: 6.2065
  Batch [100/2509] Loss: 6.2122
  Batch [150/2509] Loss: 6.2026
  Batch [200/2509] Loss: 6.2083
  Batch [250/2509] Loss: 6.2088
  Batch [300/2509] Loss: 6.2073
  Batch [350/2509] Loss: 6.2107
  Batch [400/2509] Loss: 6.2057
  Batch [450/2509] Loss: 6.2029
  Batch [500/2509] Loss: 6.2080
  Batch [550/2509] Loss: 6.2034
  Batch [600/2509] Loss: 6.2030
  Batch [650/2509] Loss: 6.2080
  Batch [700/2509] Loss: 6.2091
  Batch [750/2509] Loss: 6.2123
  Batch [800/2509] Loss: 6.2090
  Batch [850/2509] Loss: 6.2052
  Batch [900/2509] Loss: 6.2038
  Batch [950/2509] Loss: 6.2085
  Batch [1000/2509] Loss: 6.2046
  Batch [1050/2509] Loss: 6.2088
  Batch [1100/2509] Loss: 6.2001
  Batch [1150/2509] Loss: 6.2047
  Batch [1200/2509] Loss: 6.2086
  Batch [1250/2509] Loss: 6.2077
  Batch [1300/2509] Loss: 6.2085
  Batch [1350/2509] Loss: 6.2096
  Batch [1400/2509] Loss: 6.2026
  Batch [1450/2509] Loss: 6.2014
  Batch [1500/2509] Loss: 6.2062
  Batch [1550/2509] Loss: 6.2117
  Batch [1600/2509] Loss: 6.2067
  Batch [1650/2509] Loss: 6.2024
  Batch [1700/2509] Loss: 6.2072
  Batch [1750/2509] Loss: 6.2057
  Batch [1800/2509] Loss: 6.2056
  Batch [1850/2509] Loss: 6.2039
  Batch [1900/2509] Loss: 6.2086
  Batch [1950/2509] Loss: 6.2034
  Batch [2000/2509] Loss: 6.2050
  Batch [2050/2509] Loss: 6.2072
  Batch [2100/2509] Loss: 6.2048
  Batch [2150/2509] Loss: 6.2011
  Batch [2200/2509] Loss: 6.2070
  Batch [2250/2509] Loss: 6.2061
  Batch [2300/2509] Loss: 6.2022
  Batch [2350/2509] Loss: 6.2123
  Batch [2400/2509] Loss: 6.2076
  Batch [2450/2509] Loss: 6.2117
  Batch [2500/2509] Loss: 6.2071
Train Loss: 6.2068 | Train Acc: 0.77%
Val Loss: 6.2088 | Val Top-1: 1.20% | Val Top-5: 5.01%
Saved best model - with val acc: 1.20%)

Epoch [8/100]
  Batch [0/2509] Loss: 6.2087
  Batch [50/2509] Loss: 6.2033
  Batch [100/2509] Loss: 6.2061
  Batch [150/2509] Loss: 6.2024
  Batch [200/2509] Loss: 6.2041
  Batch [250/2509] Loss: 6.2053
  Batch [300/2509] Loss: 6.2007
  Batch [350/2509] Loss: 6.2090
  Batch [400/2509] Loss: 6.2058
  Batch [450/2509] Loss: 6.2015
  Batch [500/2509] Loss: 6.2043
  Batch [550/2509] Loss: 6.2059
  Batch [600/2509] Loss: 6.2061
  Batch [650/2509] Loss: 6.2049
  Batch [700/2509] Loss: 6.2075
  Batch [750/2509] Loss: 6.2056
  Batch [800/2509] Loss: 6.2073
  Batch [850/2509] Loss: 6.2040
  Batch [900/2509] Loss: 6.2031
  Batch [950/2509] Loss: 6.2018
  Batch [1000/2509] Loss: 6.2010
  Batch [1050/2509] Loss: 6.1999
  Batch [1100/2509] Loss: 6.2053
  Batch [1150/2509] Loss: 6.2097
  Batch [1200/2509] Loss: 6.2050
  Batch [1250/2509] Loss: 6.2020
  Batch [1300/2509] Loss: 6.2021
  Batch [1350/2509] Loss: 6.2071
  Batch [1400/2509] Loss: 6.2070
  Batch [1450/2509] Loss: 6.1988
  Batch [1500/2509] Loss: 6.2071
  Batch [1550/2509] Loss: 6.2058
  Batch [1600/2509] Loss: 6.2009
  Batch [1650/2509] Loss: 6.2007
  Batch [1700/2509] Loss: 6.2032
  Batch [1750/2509] Loss: 6.2086
  Batch [1800/2509] Loss: 6.2070
  Batch [1850/2509] Loss: 6.2054
  Batch [1900/2509] Loss: 6.1988
  Batch [1950/2509] Loss: 6.2104
  Batch [2000/2509] Loss: 6.2081
  Batch [2050/2509] Loss: 6.2061
  Batch [2100/2509] Loss: 6.2070
  Batch [2150/2509] Loss: 6.2006
  Batch [2200/2509] Loss: 6.2089
  Batch [2250/2509] Loss: 6.2032
  Batch [2300/2509] Loss: 6.2025
  Batch [2350/2509] Loss: 6.2050
  Batch [2400/2509] Loss: 6.2062
  Batch [2450/2509] Loss: 6.2055
  Batch [2500/2509] Loss: 6.2047
Train Loss: 6.2055 | Train Acc: 0.83%
Val Loss: 6.2072 | Val Top-1: 1.05% | Val Top-5: 5.10%

Epoch [9/100]
  Batch [0/2509] Loss: 6.2026
  Batch [50/2509] Loss: 6.2068
  Batch [100/2509] Loss: 6.2045
  Batch [150/2509] Loss: 6.2050
  Batch [200/2509] Loss: 6.2035
  Batch [250/2509] Loss: 6.2131
  Batch [300/2509] Loss: 6.2075
  Batch [350/2509] Loss: 6.2054
  Batch [400/2509] Loss: 6.1999
  Batch [450/2509] Loss: 6.2077
  Batch [500/2509] Loss: 6.2032
  Batch [550/2509] Loss: 6.2036
  Batch [600/2509] Loss: 6.2028
  Batch [650/2509] Loss: 6.2028
  Batch [700/2509] Loss: 6.2023
  Batch [750/2509] Loss: 6.2052
  Batch [800/2509] Loss: 6.2057
  Batch [850/2509] Loss: 6.2067
  Batch [900/2509] Loss: 6.2017
  Batch [950/2509] Loss: 6.1997
  Batch [1000/2509] Loss: 6.2068
  Batch [1050/2509] Loss: 6.2015
  Batch [1100/2509] Loss: 6.2009
  Batch [1150/2509] Loss: 6.2067
  Batch [1200/2509] Loss: 6.2065
  Batch [1250/2509] Loss: 6.2020
  Batch [1300/2509] Loss: 6.2005
  Batch [1350/2509] Loss: 6.2003
  Batch [1400/2509] Loss: 6.2026
  Batch [1450/2509] Loss: 6.2112
  Batch [1500/2509] Loss: 6.2020
  Batch [1550/2509] Loss: 6.2031
  Batch [1600/2509] Loss: 6.2035
  Batch [1650/2509] Loss: 6.2048
  Batch [1700/2509] Loss: 6.2022
  Batch [1750/2509] Loss: 6.2070
  Batch [1800/2509] Loss: 6.1991
  Batch [1850/2509] Loss: 6.2027
  Batch [1900/2509] Loss: 6.2053
  Batch [1950/2509] Loss: 6.2014
  Batch [2000/2509] Loss: 6.2092
  Batch [2050/2509] Loss: 6.2056
  Batch [2100/2509] Loss: 6.2025
  Batch [2150/2509] Loss: 6.2016
  Batch [2200/2509] Loss: 6.1992
  Batch [2250/2509] Loss: 6.2082
  Batch [2300/2509] Loss: 6.2036
  Batch [2350/2509] Loss: 6.2003
  Batch [2400/2509] Loss: 6.2047
  Batch [2450/2509] Loss: 6.2086
  Batch [2500/2509] Loss: 6.2013
Train Loss: 6.2040 | Train Acc: 0.88%
Val Loss: 6.2056 | Val Top-1: 1.02% | Val Top-5: 5.52%

Epoch [10/100]
  Batch [0/2509] Loss: 6.2046
  Batch [50/2509] Loss: 6.2026
  Batch [100/2509] Loss: 6.2004
  Batch [150/2509] Loss: 6.2039
  Batch [200/2509] Loss: 6.2039
  Batch [250/2509] Loss: 6.2051
  Batch [300/2509] Loss: 6.2023
  Batch [350/2509] Loss: 6.1998
  Batch [400/2509] Loss: 6.2018
  Batch [450/2509] Loss: 6.2035
  Batch [500/2509] Loss: 6.2063
  Batch [550/2509] Loss: 6.2063
  Batch [600/2509] Loss: 6.2043
  Batch [650/2509] Loss: 6.1987
  Batch [700/2509] Loss: 6.2065
  Batch [750/2509] Loss: 6.2068
  Batch [800/2509] Loss: 6.1987
  Batch [850/2509] Loss: 6.2005
  Batch [900/2509] Loss: 6.2023
  Batch [950/2509] Loss: 6.2030
  Batch [1000/2509] Loss: 6.2041
  Batch [1050/2509] Loss: 6.2029
  Batch [1100/2509] Loss: 6.2024
  Batch [1150/2509] Loss: 6.2009
  Batch [1200/2509] Loss: 6.2054
  Batch [1250/2509] Loss: 6.2014
  Batch [1300/2509] Loss: 6.2061
  Batch [1350/2509] Loss: 6.1972
  Batch [1400/2509] Loss: 6.1974
  Batch [1450/2509] Loss: 6.2031
  Batch [1500/2509] Loss: 6.2021
  Batch [1550/2509] Loss: 6.2022
  Batch [1600/2509] Loss: 6.2016
  Batch [1650/2509] Loss: 6.2047
  Batch [1700/2509] Loss: 6.1992
  Batch [1750/2509] Loss: 6.2045
  Batch [1800/2509] Loss: 6.1977
  Batch [1850/2509] Loss: 6.2068
  Batch [1900/2509] Loss: 6.2038
  Batch [1950/2509] Loss: 6.1995
  Batch [2000/2509] Loss: 6.2043
  Batch [2050/2509] Loss: 6.1973
  Batch [2100/2509] Loss: 6.1999
  Batch [2150/2509] Loss: 6.2012
  Batch [2200/2509] Loss: 6.2052
  Batch [2250/2509] Loss: 6.2023
  Batch [2300/2509] Loss: 6.2059
  Batch [2350/2509] Loss: 6.2041
  Batch [2400/2509] Loss: 6.1973
  Batch [2450/2509] Loss: 6.2009
  Batch [2500/2509] Loss: 6.2023
Train Loss: 6.2024 | Train Acc: 0.96%
Val Loss: 6.2038 | Val Top-1: 1.12% | Val Top-5: 5.66%

Epoch [11/100]
  Batch [0/2509] Loss: 6.2035
  Batch [50/2509] Loss: 6.2042
  Batch [100/2509] Loss: 6.1971
  Batch [150/2509] Loss: 6.2042
  Batch [200/2509] Loss: 6.1959
  Batch [250/2509] Loss: 6.1986
  Batch [300/2509] Loss: 6.1988
  Batch [350/2509] Loss: 6.1996
  Batch [400/2509] Loss: 6.1968
  Batch [450/2509] Loss: 6.1991
  Batch [500/2509] Loss: 6.2004
  Batch [550/2509] Loss: 6.1935
  Batch [600/2509] Loss: 6.1982
  Batch [650/2509] Loss: 6.2003
  Batch [700/2509] Loss: 6.2049
  Batch [750/2509] Loss: 6.2072
  Batch [800/2509] Loss: 6.1974
  Batch [850/2509] Loss: 6.2052
  Batch [900/2509] Loss: 6.2002
  Batch [950/2509] Loss: 6.1975
  Batch [1000/2509] Loss: 6.1962
  Batch [1050/2509] Loss: 6.2013
  Batch [1100/2509] Loss: 6.1986
  Batch [1150/2509] Loss: 6.2036
  Batch [1200/2509] Loss: 6.2059
  Batch [1250/2509] Loss: 6.2010
  Batch [1300/2509] Loss: 6.2020
  Batch [1350/2509] Loss: 6.1950
  Batch [1400/2509] Loss: 6.2003
  Batch [1450/2509] Loss: 6.1995
  Batch [1500/2509] Loss: 6.2003
  Batch [1550/2509] Loss: 6.2051
  Batch [1600/2509] Loss: 6.1981
  Batch [1650/2509] Loss: 6.2001
  Batch [1700/2509] Loss: 6.1987
  Batch [1750/2509] Loss: 6.2016
  Batch [1800/2509] Loss: 6.2035
  Batch [1850/2509] Loss: 6.1997
  Batch [1900/2509] Loss: 6.1993
  Batch [1950/2509] Loss: 6.1982
  Batch [2000/2509] Loss: 6.2057
  Batch [2050/2509] Loss: 6.1986
  Batch [2100/2509] Loss: 6.2127
  Batch [2150/2509] Loss: 6.2043
  Batch [2200/2509] Loss: 6.1979
  Batch [2250/2509] Loss: 6.2004
  Batch [2300/2509] Loss: 6.1999
  Batch [2350/2509] Loss: 6.2012
  Batch [2400/2509] Loss: 6.1995
  Batch [2450/2509] Loss: 6.2027
  Batch [2500/2509] Loss: 6.1987
Train Loss: 6.2007 | Train Acc: 1.04%
Val Loss: 6.2020 | Val Top-1: 1.34% | Val Top-5: 5.94%
Saved best model - with val acc: 1.34%)

Epoch [12/100]
  Batch [0/2509] Loss: 6.2017
  Batch [50/2509] Loss: 6.1967
  Batch [100/2509] Loss: 6.1934
  Batch [150/2509] Loss: 6.1973
  Batch [200/2509] Loss: 6.2047
  Batch [250/2509] Loss: 6.2016
  Batch [300/2509] Loss: 6.1948
  Batch [350/2509] Loss: 6.2019
  Batch [400/2509] Loss: 6.1979
  Batch [450/2509] Loss: 6.1986
  Batch [500/2509] Loss: 6.1944
  Batch [550/2509] Loss: 6.1989
  Batch [600/2509] Loss: 6.1994
  Batch [650/2509] Loss: 6.1948
  Batch [700/2509] Loss: 6.2024
  Batch [750/2509] Loss: 6.2002
  Batch [800/2509] Loss: 6.1925
  Batch [850/2509] Loss: 6.1951
  Batch [900/2509] Loss: 6.1992
  Batch [950/2509] Loss: 6.2008
  Batch [1000/2509] Loss: 6.1929
  Batch [1050/2509] Loss: 6.2046
  Batch [1100/2509] Loss: 6.1973
  Batch [1150/2509] Loss: 6.2051
  Batch [1200/2509] Loss: 6.1972
  Batch [1250/2509] Loss: 6.1969
  Batch [1300/2509] Loss: 6.1981
  Batch [1350/2509] Loss: 6.1986
  Batch [1400/2509] Loss: 6.1990
  Batch [1450/2509] Loss: 6.1998
  Batch [1500/2509] Loss: 6.1933
  Batch [1550/2509] Loss: 6.2005
  Batch [1600/2509] Loss: 6.1984
  Batch [1650/2509] Loss: 6.1991
  Batch [1700/2509] Loss: 6.1949
  Batch [1750/2509] Loss: 6.1925
  Batch [1800/2509] Loss: 6.2056
  Batch [1850/2509] Loss: 6.2005
  Batch [1900/2509] Loss: 6.2097
  Batch [1950/2509] Loss: 6.2050
  Batch [2000/2509] Loss: 6.1967
  Batch [2050/2509] Loss: 6.1965
  Batch [2100/2509] Loss: 6.1965
  Batch [2150/2509] Loss: 6.2058
  Batch [2200/2509] Loss: 6.2085
  Batch [2250/2509] Loss: 6.1943
  Batch [2300/2509] Loss: 6.1996
  Batch [2350/2509] Loss: 6.2007
  Batch [2400/2509] Loss: 6.2008
  Batch [2450/2509] Loss: 6.1935
  Batch [2500/2509] Loss: 6.2005
Train Loss: 6.1989 | Train Acc: 0.95%
Val Loss: 6.2005 | Val Top-1: 1.32% | Val Top-5: 5.49%

Epoch [13/100]
  Batch [0/2509] Loss: 6.1978
  Batch [50/2509] Loss: 6.2009
  Batch [100/2509] Loss: 6.1930
  Batch [150/2509] Loss: 6.2033
  Batch [200/2509] Loss: 6.2023
  Batch [250/2509] Loss: 6.2002
  Batch [300/2509] Loss: 6.1944
  Batch [350/2509] Loss: 6.1994
  Batch [400/2509] Loss: 6.1951
  Batch [450/2509] Loss: 6.2000
  Batch [500/2509] Loss: 6.1956
  Batch [550/2509] Loss: 6.2024
  Batch [600/2509] Loss: 6.1984
  Batch [650/2509] Loss: 6.1979
  Batch [700/2509] Loss: 6.1934
  Batch [750/2509] Loss: 6.1950
  Batch [800/2509] Loss: 6.1949
  Batch [850/2509] Loss: 6.1980
  Batch [900/2509] Loss: 6.1972
  Batch [950/2509] Loss: 6.1969
  Batch [1000/2509] Loss: 6.1959
  Batch [1050/2509] Loss: 6.2033
  Batch [1100/2509] Loss: 6.1951
  Batch [1150/2509] Loss: 6.2024
  Batch [1200/2509] Loss: 6.1992
  Batch [1250/2509] Loss: 6.1999
  Batch [1300/2509] Loss: 6.1983
  Batch [1350/2509] Loss: 6.1989
  Batch [1400/2509] Loss: 6.1998
  Batch [1450/2509] Loss: 6.1945
  Batch [1500/2509] Loss: 6.1913
  Batch [1550/2509] Loss: 6.1954
  Batch [1600/2509] Loss: 6.1968
  Batch [1650/2509] Loss: 6.2023
  Batch [1700/2509] Loss: 6.1972
  Batch [1750/2509] Loss: 6.2003
  Batch [1800/2509] Loss: 6.2018
  Batch [1850/2509] Loss: 6.1932
  Batch [1900/2509] Loss: 6.1995
  Batch [1950/2509] Loss: 6.1912
  Batch [2000/2509] Loss: 6.1961
  Batch [2050/2509] Loss: 6.1943
  Batch [2100/2509] Loss: 6.1934
  Batch [2150/2509] Loss: 6.1961
  Batch [2200/2509] Loss: 6.1964
  Batch [2250/2509] Loss: 6.1949
  Batch [2300/2509] Loss: 6.1929
  Batch [2350/2509] Loss: 6.1926
  Batch [2400/2509] Loss: 6.1945
  Batch [2450/2509] Loss: 6.1909
  Batch [2500/2509] Loss: 6.1914
Train Loss: 6.1971 | Train Acc: 1.04%
Val Loss: 6.1978 | Val Top-1: 1.36% | Val Top-5: 5.84%
Saved best model - with val acc: 1.36%)

Epoch [14/100]
  Batch [0/2509] Loss: 6.1984
  Batch [50/2509] Loss: 6.1959
  Batch [100/2509] Loss: 6.1930
  Batch [150/2509] Loss: 6.1984
  Batch [200/2509] Loss: 6.1925
  Batch [250/2509] Loss: 6.2027
  Batch [300/2509] Loss: 6.1928
  Batch [350/2509] Loss: 6.1992
  Batch [400/2509] Loss: 6.1927
  Batch [450/2509] Loss: 6.1990
  Batch [500/2509] Loss: 6.1964
  Batch [550/2509] Loss: 6.1997
  Batch [600/2509] Loss: 6.1969
  Batch [650/2509] Loss: 6.1947
  Batch [700/2509] Loss: 6.1950
  Batch [750/2509] Loss: 6.1953
  Batch [800/2509] Loss: 6.1980
  Batch [850/2509] Loss: 6.1922
  Batch [900/2509] Loss: 6.1961
  Batch [950/2509] Loss: 6.1946
  Batch [1000/2509] Loss: 6.1947
  Batch [1050/2509] Loss: 6.1989
  Batch [1100/2509] Loss: 6.1947
  Batch [1150/2509] Loss: 6.1913
  Batch [1200/2509] Loss: 6.1971
  Batch [1250/2509] Loss: 6.1925
  Batch [1300/2509] Loss: 6.1981
  Batch [1350/2509] Loss: 6.1967
  Batch [1400/2509] Loss: 6.1949
  Batch [1450/2509] Loss: 6.1990
  Batch [1500/2509] Loss: 6.1915
  Batch [1550/2509] Loss: 6.1983
  Batch [1600/2509] Loss: 6.1899
  Batch [1650/2509] Loss: 6.1910
  Batch [1700/2509] Loss: 6.1883
  Batch [1750/2509] Loss: 6.1947
  Batch [1800/2509] Loss: 6.1892
  Batch [1850/2509] Loss: 6.1933
  Batch [1900/2509] Loss: 6.2029
  Batch [1950/2509] Loss: 6.1909
  Batch [2000/2509] Loss: 6.1974
  Batch [2050/2509] Loss: 6.1906
  Batch [2100/2509] Loss: 6.1915
  Batch [2150/2509] Loss: 6.1996
  Batch [2200/2509] Loss: 6.1939
  Batch [2250/2509] Loss: 6.1904
  Batch [2300/2509] Loss: 6.2001
  Batch [2350/2509] Loss: 6.1947
  Batch [2400/2509] Loss: 6.1910
  Batch [2450/2509] Loss: 6.1908
  Batch [2500/2509] Loss: 6.1973
Train Loss: 6.1951 | Train Acc: 1.08%
Val Loss: 6.1960 | Val Top-1: 1.27% | Val Top-5: 5.84%

Epoch [15/100]
  Batch [0/2509] Loss: 6.1940
  Batch [50/2509] Loss: 6.1963
  Batch [100/2509] Loss: 6.1992
  Batch [150/2509] Loss: 6.1953
  Batch [200/2509] Loss: 6.2008
  Batch [250/2509] Loss: 6.1936
  Batch [300/2509] Loss: 6.1988
  Batch [350/2509] Loss: 6.1909
  Batch [400/2509] Loss: 6.1957
  Batch [450/2509] Loss: 6.1858
  Batch [500/2509] Loss: 6.1937
  Batch [550/2509] Loss: 6.1919
  Batch [600/2509] Loss: 6.1940
  Batch [650/2509] Loss: 6.1915
  Batch [700/2509] Loss: 6.1955
  Batch [750/2509] Loss: 6.2004
  Batch [800/2509] Loss: 6.1923
  Batch [850/2509] Loss: 6.1921
  Batch [900/2509] Loss: 6.1925
  Batch [950/2509] Loss: 6.1945
  Batch [1000/2509] Loss: 6.1898
  Batch [1050/2509] Loss: 6.1935
  Batch [1100/2509] Loss: 6.1881
  Batch [1150/2509] Loss: 6.1950
  Batch [1200/2509] Loss: 6.1952
  Batch [1250/2509] Loss: 6.1976
  Batch [1300/2509] Loss: 6.1993
  Batch [1350/2509] Loss: 6.1966
  Batch [1400/2509] Loss: 6.1948
  Batch [1450/2509] Loss: 6.1947
  Batch [1500/2509] Loss: 6.1931
  Batch [1550/2509] Loss: 6.1924
  Batch [1600/2509] Loss: 6.1942
  Batch [1650/2509] Loss: 6.1902
  Batch [1700/2509] Loss: 6.1973
  Batch [1750/2509] Loss: 6.2076
  Batch [1800/2509] Loss: 6.1937
  Batch [1850/2509] Loss: 6.1869
  Batch [1900/2509] Loss: 6.1937
  Batch [1950/2509] Loss: 6.1922
  Batch [2000/2509] Loss: 6.1892
  Batch [2050/2509] Loss: 6.2012
  Batch [2100/2509] Loss: 6.1898
  Batch [2150/2509] Loss: 6.1920
  Batch [2200/2509] Loss: 6.1897
  Batch [2250/2509] Loss: 6.1969
  Batch [2300/2509] Loss: 6.1954
  Batch [2350/2509] Loss: 6.1892
  Batch [2400/2509] Loss: 6.1917
  Batch [2450/2509] Loss: 6.1914
  Batch [2500/2509] Loss: 6.1878
Train Loss: 6.1932 | Train Acc: 1.17%
Val Loss: 6.1942 | Val Top-1: 1.32% | Val Top-5: 5.87%

Epoch [16/100]
  Batch [0/2509] Loss: 6.1916
  Batch [50/2509] Loss: 6.1948
  Batch [100/2509] Loss: 6.1987
  Batch [150/2509] Loss: 6.1951
  Batch [200/2509] Loss: 6.2005
  Batch [250/2509] Loss: 6.1925
  Batch [300/2509] Loss: 6.1959
  Batch [350/2509] Loss: 6.1861
  Batch [400/2509] Loss: 6.1878
  Batch [450/2509] Loss: 6.1924
  Batch [500/2509] Loss: 6.1916
  Batch [550/2509] Loss: 6.1874
  Batch [600/2509] Loss: 6.1951
  Batch [650/2509] Loss: 6.1940
  Batch [700/2509] Loss: 6.1972
  Batch [750/2509] Loss: 6.1884
  Batch [800/2509] Loss: 6.1890
  Batch [850/2509] Loss: 6.1874
  Batch [900/2509] Loss: 6.1934
  Batch [950/2509] Loss: 6.1970
  Batch [1000/2509] Loss: 6.1880
  Batch [1050/2509] Loss: 6.1938
  Batch [1100/2509] Loss: 6.1947
  Batch [1150/2509] Loss: 6.1920
  Batch [1200/2509] Loss: 6.1938
  Batch [1250/2509] Loss: 6.1878
  Batch [1300/2509] Loss: 6.1905
  Batch [1350/2509] Loss: 6.1869
  Batch [1400/2509] Loss: 6.1941
  Batch [1450/2509] Loss: 6.1940
  Batch [1500/2509] Loss: 6.1940
  Batch [1550/2509] Loss: 6.1891
  Batch [1600/2509] Loss: 6.1904
  Batch [1650/2509] Loss: 6.1896
  Batch [1700/2509] Loss: 6.1876
  Batch [1750/2509] Loss: 6.1869
  Batch [1800/2509] Loss: 6.1881
  Batch [1850/2509] Loss: 6.1913
  Batch [1900/2509] Loss: 6.1875
  Batch [1950/2509] Loss: 6.1887
  Batch [2000/2509] Loss: 6.1868
  Batch [2050/2509] Loss: 6.1904
  Batch [2100/2509] Loss: 6.1923
  Batch [2150/2509] Loss: 6.1967
  Batch [2200/2509] Loss: 6.1876
  Batch [2250/2509] Loss: 6.1879
  Batch [2300/2509] Loss: 6.1911
  Batch [2350/2509] Loss: 6.1879
  Batch [2400/2509] Loss: 6.1897
  Batch [2450/2509] Loss: 6.1889
  Batch [2500/2509] Loss: 6.1881
Train Loss: 6.1911 | Train Acc: 1.14%
Val Loss: 6.1917 | Val Top-1: 1.46% | Val Top-5: 5.99%
Saved best model - with val acc: 1.46%)

Epoch [17/100]
  Batch [0/2509] Loss: 6.1867
  Batch [50/2509] Loss: 6.1889
  Batch [100/2509] Loss: 6.1904
  Batch [150/2509] Loss: 6.1933
  Batch [200/2509] Loss: 6.1898
  Batch [250/2509] Loss: 6.1819
  Batch [300/2509] Loss: 6.1890
  Batch [350/2509] Loss: 6.1874
  Batch [400/2509] Loss: 6.1902
  Batch [450/2509] Loss: 6.1922
  Batch [500/2509] Loss: 6.1883
  Batch [550/2509] Loss: 6.1920
  Batch [600/2509] Loss: 6.1975
  Batch [650/2509] Loss: 6.1849
  Batch [700/2509] Loss: 6.1967
  Batch [750/2509] Loss: 6.1985
  Batch [800/2509] Loss: 6.1894
  Batch [850/2509] Loss: 6.1881
  Batch [900/2509] Loss: 6.1868
  Batch [950/2509] Loss: 6.1853
  Batch [1000/2509] Loss: 6.1864
  Batch [1050/2509] Loss: 6.1869
  Batch [1100/2509] Loss: 6.1884
  Batch [1150/2509] Loss: 6.1885
  Batch [1200/2509] Loss: 6.1913
  Batch [1250/2509] Loss: 6.1889
  Batch [1300/2509] Loss: 6.1896
  Batch [1350/2509] Loss: 6.1830
  Batch [1400/2509] Loss: 6.1837
  Batch [1450/2509] Loss: 6.1845
  Batch [1500/2509] Loss: 6.1903
  Batch [1550/2509] Loss: 6.1905
  Batch [1600/2509] Loss: 6.1827
  Batch [1650/2509] Loss: 6.1863
  Batch [1700/2509] Loss: 6.1878
  Batch [1750/2509] Loss: 6.1915
  Batch [1800/2509] Loss: 6.1889
  Batch [1850/2509] Loss: 6.1892
  Batch [1900/2509] Loss: 6.1867
  Batch [1950/2509] Loss: 6.1901
  Batch [2000/2509] Loss: 6.1856
  Batch [2050/2509] Loss: 6.1833
  Batch [2100/2509] Loss: 6.1876
  Batch [2150/2509] Loss: 6.1853
  Batch [2200/2509] Loss: 6.1936
  Batch [2250/2509] Loss: 6.1878
  Batch [2300/2509] Loss: 6.1941
  Batch [2350/2509] Loss: 6.1904
  Batch [2400/2509] Loss: 6.1867
  Batch [2450/2509] Loss: 6.1833
  Batch [2500/2509] Loss: 6.1864
Train Loss: 6.1891 | Train Acc: 1.14%
Val Loss: 6.1896 | Val Top-1: 1.41% | Val Top-5: 5.94%

Epoch [18/100]
  Batch [0/2509] Loss: 6.1861
  Batch [50/2509] Loss: 6.1799
  Batch [100/2509] Loss: 6.1869
  Batch [150/2509] Loss: 6.1872
  Batch [200/2509] Loss: 6.1867
  Batch [250/2509] Loss: 6.1866
  Batch [300/2509] Loss: 6.1867
  Batch [350/2509] Loss: 6.1864
  Batch [400/2509] Loss: 6.1905
  Batch [450/2509] Loss: 6.2005
  Batch [500/2509] Loss: 6.1935
  Batch [550/2509] Loss: 6.1931
  Batch [600/2509] Loss: 6.1902
  Batch [650/2509] Loss: 6.1864
  Batch [700/2509] Loss: 6.1886
  Batch [750/2509] Loss: 6.1820
  Batch [800/2509] Loss: 6.1938
  Batch [850/2509] Loss: 6.1871
  Batch [900/2509] Loss: 6.1887
  Batch [950/2509] Loss: 6.1917
  Batch [1000/2509] Loss: 6.1847
  Batch [1050/2509] Loss: 6.1895
  Batch [1100/2509] Loss: 6.1884
  Batch [1150/2509] Loss: 6.1796
  Batch [1200/2509] Loss: 6.1878
  Batch [1250/2509] Loss: 6.1871
  Batch [1300/2509] Loss: 6.1870
  Batch [1350/2509] Loss: 6.1903
  Batch [1400/2509] Loss: 6.1872
  Batch [1450/2509] Loss: 6.1923
  Batch [1500/2509] Loss: 6.1849
  Batch [1550/2509] Loss: 6.1906
  Batch [1600/2509] Loss: 6.1862
  Batch [1650/2509] Loss: 6.1932
  Batch [1700/2509] Loss: 6.1884
  Batch [1750/2509] Loss: 6.1821
  Batch [1800/2509] Loss: 6.1845
  Batch [1850/2509] Loss: 6.1886
  Batch [1900/2509] Loss: 6.1830
  Batch [1950/2509] Loss: 6.1891
  Batch [2000/2509] Loss: 6.1807
  Batch [2050/2509] Loss: 6.1878
  Batch [2100/2509] Loss: 6.1865
  Batch [2150/2509] Loss: 6.1831
  Batch [2200/2509] Loss: 6.1818
  Batch [2250/2509] Loss: 6.1878
  Batch [2300/2509] Loss: 6.1856
  Batch [2350/2509] Loss: 6.1832
  Batch [2400/2509] Loss: 6.1826
  Batch [2450/2509] Loss: 6.1851
  Batch [2500/2509] Loss: 6.1828
Train Loss: 6.1870 | Train Acc: 1.20%
Val Loss: 6.1869 | Val Top-1: 1.40% | Val Top-5: 5.92%

Epoch [19/100]
  Batch [0/2509] Loss: 6.1801
  Batch [50/2509] Loss: 6.1795
  Batch [100/2509] Loss: 6.1864
  Batch [150/2509] Loss: 6.1897
  Batch [200/2509] Loss: 6.1827
  Batch [250/2509] Loss: 6.1883
  Batch [300/2509] Loss: 6.1843
  Batch [350/2509] Loss: 6.1856
  Batch [400/2509] Loss: 6.1855
  Batch [450/2509] Loss: 6.1908
  Batch [500/2509] Loss: 6.1890
  Batch [550/2509] Loss: 6.1850
  Batch [600/2509] Loss: 6.1855
  Batch [650/2509] Loss: 6.1850
  Batch [700/2509] Loss: 6.1872
  Batch [750/2509] Loss: 6.1788
  Batch [800/2509] Loss: 6.1842
  Batch [850/2509] Loss: 6.1842
  Batch [900/2509] Loss: 6.1836
  Batch [950/2509] Loss: 6.1861
  Batch [1000/2509] Loss: 6.1854
  Batch [1050/2509] Loss: 6.1867
  Batch [1100/2509] Loss: 6.1856
  Batch [1150/2509] Loss: 6.1821
  Batch [1200/2509] Loss: 6.1891
  Batch [1250/2509] Loss: 6.1850
  Batch [1300/2509] Loss: 6.1807
  Batch [1350/2509] Loss: 6.1871
  Batch [1400/2509] Loss: 6.1834
  Batch [1450/2509] Loss: 6.1801
  Batch [1500/2509] Loss: 6.1840
  Batch [1550/2509] Loss: 6.1854
  Batch [1600/2509] Loss: 6.1847
  Batch [1650/2509] Loss: 6.1879
  Batch [1700/2509] Loss: 6.1874
  Batch [1750/2509] Loss: 6.1889
  Batch [1800/2509] Loss: 6.1834
  Batch [1850/2509] Loss: 6.1803
  Batch [1900/2509] Loss: 6.1770
  Batch [1950/2509] Loss: 6.1838
  Batch [2000/2509] Loss: 6.1865
  Batch [2050/2509] Loss: 6.1866
  Batch [2100/2509] Loss: 6.1823
  Batch [2150/2509] Loss: 6.1815
  Batch [2200/2509] Loss: 6.1869
  Batch [2250/2509] Loss: 6.1782
  Batch [2300/2509] Loss: 6.1860
  Batch [2350/2509] Loss: 6.1859
  Batch [2400/2509] Loss: 6.1876
  Batch [2450/2509] Loss: 6.1819
  Batch [2500/2509] Loss: 6.1847
Train Loss: 6.1849 | Train Acc: 1.17%
Val Loss: 6.1854 | Val Top-1: 1.49% | Val Top-5: 5.86%
Saved best model - with val acc: 1.49%)

Epoch [20/100]
  Batch [0/2509] Loss: 6.1832
  Batch [50/2509] Loss: 6.1817
  Batch [100/2509] Loss: 6.1896
  Batch [150/2509] Loss: 6.1845
  Batch [200/2509] Loss: 6.1782
  Batch [250/2509] Loss: 6.1781
  Batch [300/2509] Loss: 6.1810
  Batch [350/2509] Loss: 6.1854
  Batch [400/2509] Loss: 6.1785
  Batch [450/2509] Loss: 6.1806
  Batch [500/2509] Loss: 6.1856
  Batch [550/2509] Loss: 6.1832
  Batch [600/2509] Loss: 6.1790
  Batch [650/2509] Loss: 6.1850
  Batch [700/2509] Loss: 6.1889
  Batch [750/2509] Loss: 6.1873
  Batch [800/2509] Loss: 6.1832
  Batch [850/2509] Loss: 6.1825
  Batch [900/2509] Loss: 6.1783
  Batch [950/2509] Loss: 6.1809
  Batch [1000/2509] Loss: 6.1865
  Batch [1050/2509] Loss: 6.1856
  Batch [1100/2509] Loss: 6.1882
  Batch [1150/2509] Loss: 6.1927
  Batch [1200/2509] Loss: 6.1814
  Batch [1250/2509] Loss: 6.1827
  Batch [1300/2509] Loss: 6.1806
  Batch [1350/2509] Loss: 6.1771
  Batch [1400/2509] Loss: 6.1867
  Batch [1450/2509] Loss: 6.1857
  Batch [1500/2509] Loss: 6.1760
  Batch [1550/2509] Loss: 6.1802
  Batch [1600/2509] Loss: 6.1846
  Batch [1650/2509] Loss: 6.1778
  Batch [1700/2509] Loss: 6.1919
  Batch [1750/2509] Loss: 6.1831
  Batch [1800/2509] Loss: 6.1793
  Batch [1850/2509] Loss: 6.1812
  Batch [1900/2509] Loss: 6.1850
  Batch [1950/2509] Loss: 6.1811
  Batch [2000/2509] Loss: 6.1807
  Batch [2050/2509] Loss: 6.1817
  Batch [2100/2509] Loss: 6.1800
  Batch [2150/2509] Loss: 6.1824
  Batch [2200/2509] Loss: 6.1768
  Batch [2250/2509] Loss: 6.1784
  Batch [2300/2509] Loss: 6.1799
  Batch [2350/2509] Loss: 6.1851
  Batch [2400/2509] Loss: 6.1798
  Batch [2450/2509] Loss: 6.1870
  Batch [2500/2509] Loss: 6.1809
Train Loss: 6.1827 | Train Acc: 1.21%
Val Loss: 6.1823 | Val Top-1: 1.27% | Val Top-5: 6.06%

Epoch [21/100]
  Batch [0/2509] Loss: 6.1824
  Batch [50/2509] Loss: 6.1760
  Batch [100/2509] Loss: 6.1829
  Batch [150/2509] Loss: 6.1780
  Batch [200/2509] Loss: 6.1794
  Batch [250/2509] Loss: 6.1856
  Batch [300/2509] Loss: 6.1797
  Batch [350/2509] Loss: 6.1774
  Batch [400/2509] Loss: 6.1876
  Batch [450/2509] Loss: 6.1834
  Batch [500/2509] Loss: 6.1782
  Batch [550/2509] Loss: 6.1789
  Batch [600/2509] Loss: 6.1820
  Batch [650/2509] Loss: 6.1781
  Batch [700/2509] Loss: 6.1831
  Batch [750/2509] Loss: 6.1852
  Batch [800/2509] Loss: 6.1758
  Batch [850/2509] Loss: 6.1879
  Batch [900/2509] Loss: 6.1802
  Batch [950/2509] Loss: 6.1794
  Batch [1000/2509] Loss: 6.1811
  Batch [1050/2509] Loss: 6.1844
  Batch [1100/2509] Loss: 6.1768
  Batch [1150/2509] Loss: 6.1836
  Batch [1200/2509] Loss: 6.1836
  Batch [1250/2509] Loss: 6.1774
  Batch [1300/2509] Loss: 6.1759
  Batch [1350/2509] Loss: 6.1791
  Batch [1400/2509] Loss: 6.1839
  Batch [1450/2509] Loss: 6.1865
  Batch [1500/2509] Loss: 6.1801
  Batch [1550/2509] Loss: 6.1832
  Batch [1600/2509] Loss: 6.1805
  Batch [1650/2509] Loss: 6.1763
  Batch [1700/2509] Loss: 6.1751
  Batch [1750/2509] Loss: 6.1780
  Batch [1800/2509] Loss: 6.1795
  Batch [1850/2509] Loss: 6.1810
  Batch [1900/2509] Loss: 6.1779
  Batch [1950/2509] Loss: 6.1833
  Batch [2000/2509] Loss: 6.1792
  Batch [2050/2509] Loss: 6.1759
  Batch [2100/2509] Loss: 6.1788
  Batch [2150/2509] Loss: 6.1824
  Batch [2200/2509] Loss: 6.1747
  Batch [2250/2509] Loss: 6.1796
  Batch [2300/2509] Loss: 6.1824
  Batch [2350/2509] Loss: 6.1833
  Batch [2400/2509] Loss: 6.1768
  Batch [2450/2509] Loss: 6.1771
  Batch [2500/2509] Loss: 6.1834
Train Loss: 6.1806 | Train Acc: 1.24%
Val Loss: 6.1803 | Val Top-1: 1.49% | Val Top-5: 6.15%

Epoch [22/100]
  Batch [0/2509] Loss: 6.1795
  Batch [50/2509] Loss: 6.1866
  Batch [100/2509] Loss: 6.1801
  Batch [150/2509] Loss: 6.1841
  Batch [200/2509] Loss: 6.1778
  Batch [250/2509] Loss: 6.1827
  Batch [300/2509] Loss: 6.1760
  Batch [350/2509] Loss: 6.1802
  Batch [400/2509] Loss: 6.1749
  Batch [450/2509] Loss: 6.1787
  Batch [500/2509] Loss: 6.1774
  Batch [550/2509] Loss: 6.1790
  Batch [600/2509] Loss: 6.1761
  Batch [650/2509] Loss: 6.1785
  Batch [700/2509] Loss: 6.1674
  Batch [750/2509] Loss: 6.1839
  Batch [800/2509] Loss: 6.1760
  Batch [850/2509] Loss: 6.1696
  Batch [900/2509] Loss: 6.1782
  Batch [950/2509] Loss: 6.1742
  Batch [1000/2509] Loss: 6.1772
  Batch [1050/2509] Loss: 6.1856
  Batch [1100/2509] Loss: 6.1864
  Batch [1150/2509] Loss: 6.1819
  Batch [1200/2509] Loss: 6.1775
  Batch [1250/2509] Loss: 6.1814
  Batch [1300/2509] Loss: 6.1794
  Batch [1350/2509] Loss: 6.1772
  Batch [1400/2509] Loss: 6.1756
  Batch [1450/2509] Loss: 6.1875
  Batch [1500/2509] Loss: 6.1749
  Batch [1550/2509] Loss: 6.1858
  Batch [1600/2509] Loss: 6.1835
  Batch [1650/2509] Loss: 6.1753
  Batch [1700/2509] Loss: 6.1800
  Batch [1750/2509] Loss: 6.1783
  Batch [1800/2509] Loss: 6.1785
  Batch [1850/2509] Loss: 6.1858
  Batch [1900/2509] Loss: 6.1759
  Batch [1950/2509] Loss: 6.1808
  Batch [2000/2509] Loss: 6.1882
  Batch [2050/2509] Loss: 6.1747
  Batch [2100/2509] Loss: 6.1805
  Batch [2150/2509] Loss: 6.1836
  Batch [2200/2509] Loss: 6.1758
  Batch [2250/2509] Loss: 6.1774
  Batch [2300/2509] Loss: 6.1763
  Batch [2350/2509] Loss: 6.1703
  Batch [2400/2509] Loss: 6.1788
  Batch [2450/2509] Loss: 6.1846
  Batch [2500/2509] Loss: 6.1838
Train Loss: 6.1784 | Train Acc: 1.23%
Val Loss: 6.1777 | Val Top-1: 1.47% | Val Top-5: 6.46%

Epoch [23/100]
  Batch [0/2509] Loss: 6.1759
  Batch [50/2509] Loss: 6.1774
  Batch [100/2509] Loss: 6.1784
  Batch [150/2509] Loss: 6.1811
  Batch [200/2509] Loss: 6.1769
  Batch [250/2509] Loss: 6.1794
  Batch [300/2509] Loss: 6.1734
  Batch [350/2509] Loss: 6.1762
  Batch [400/2509] Loss: 6.1760
  Batch [450/2509] Loss: 6.1694
  Batch [500/2509] Loss: 6.1772
  Batch [550/2509] Loss: 6.1819
  Batch [600/2509] Loss: 6.1825
  Batch [650/2509] Loss: 6.1794
  Batch [700/2509] Loss: 6.1763
  Batch [750/2509] Loss: 6.1711
  Batch [800/2509] Loss: 6.1726
  Batch [850/2509] Loss: 6.1745
  Batch [900/2509] Loss: 6.1747
  Batch [950/2509] Loss: 6.1755
  Batch [1000/2509] Loss: 6.1776
  Batch [1050/2509] Loss: 6.1776
  Batch [1100/2509] Loss: 6.1794
  Batch [1150/2509] Loss: 6.1811
  Batch [1200/2509] Loss: 6.1693
  Batch [1250/2509] Loss: 6.1792
  Batch [1300/2509] Loss: 6.1723
  Batch [1350/2509] Loss: 6.1784
  Batch [1400/2509] Loss: 6.1739
  Batch [1450/2509] Loss: 6.1765
  Batch [1500/2509] Loss: 6.1687
  Batch [1550/2509] Loss: 6.1787
  Batch [1600/2509] Loss: 6.1734
  Batch [1650/2509] Loss: 6.1726
  Batch [1700/2509] Loss: 6.1761
  Batch [1750/2509] Loss: 6.1755
  Batch [1800/2509] Loss: 6.1713
  Batch [1850/2509] Loss: 6.1856
  Batch [1900/2509] Loss: 6.1706
  Batch [1950/2509] Loss: 6.1680
  Batch [2000/2509] Loss: 6.1799
  Batch [2050/2509] Loss: 6.1744
  Batch [2100/2509] Loss: 6.1709
  Batch [2150/2509] Loss: 6.1848
  Batch [2200/2509] Loss: 6.1759
  Batch [2250/2509] Loss: 6.1733
  Batch [2300/2509] Loss: 6.1743
  Batch [2350/2509] Loss: 6.1752
  Batch [2400/2509] Loss: 6.1751
  Batch [2450/2509] Loss: 6.1804
  Batch [2500/2509] Loss: 6.1704
Train Loss: 6.1762 | Train Acc: 1.26%
Val Loss: 6.1758 | Val Top-1: 1.42% | Val Top-5: 6.48%

Epoch [24/100]
  Batch [0/2509] Loss: 6.1794
  Batch [50/2509] Loss: 6.1834
  Batch [100/2509] Loss: 6.1799
  Batch [150/2509] Loss: 6.1814
  Batch [200/2509] Loss: 6.1740
  Batch [250/2509] Loss: 6.1690
  Batch [300/2509] Loss: 6.1733
  Batch [350/2509] Loss: 6.1711
  Batch [400/2509] Loss: 6.1757
  Batch [450/2509] Loss: 6.1754
  Batch [500/2509] Loss: 6.1813
  Batch [550/2509] Loss: 6.1708
  Batch [600/2509] Loss: 6.1686
  Batch [650/2509] Loss: 6.1712
  Batch [700/2509] Loss: 6.1838
  Batch [750/2509] Loss: 6.1747
  Batch [800/2509] Loss: 6.1688
  Batch [850/2509] Loss: 6.1676
  Batch [900/2509] Loss: 6.1734
  Batch [950/2509] Loss: 6.1754
  Batch [1000/2509] Loss: 6.1736
  Batch [1050/2509] Loss: 6.1723
  Batch [1100/2509] Loss: 6.1720
  Batch [1150/2509] Loss: 6.1736
  Batch [1200/2509] Loss: 6.1816
  Batch [1250/2509] Loss: 6.1706
  Batch [1300/2509] Loss: 6.1707
  Batch [1350/2509] Loss: 6.1709
  Batch [1400/2509] Loss: 6.1785
  Batch [1450/2509] Loss: 6.1826
  Batch [1500/2509] Loss: 6.1769
  Batch [1550/2509] Loss: 6.1805
  Batch [1600/2509] Loss: 6.1707
  Batch [1650/2509] Loss: 6.1742
  Batch [1700/2509] Loss: 6.1785
  Batch [1750/2509] Loss: 6.1723
  Batch [1800/2509] Loss: 6.1699
  Batch [1850/2509] Loss: 6.1696
  Batch [1900/2509] Loss: 6.1795
  Batch [1950/2509] Loss: 6.1783
  Batch [2000/2509] Loss: 6.1809
  Batch [2050/2509] Loss: 6.1741
  Batch [2100/2509] Loss: 6.1777
  Batch [2150/2509] Loss: 6.1777
  Batch [2200/2509] Loss: 6.1704
  Batch [2250/2509] Loss: 6.1765
  Batch [2300/2509] Loss: 6.1689
  Batch [2350/2509] Loss: 6.1715
  Batch [2400/2509] Loss: 6.1714
  Batch [2450/2509] Loss: 6.1732
  Batch [2500/2509] Loss: 6.1697
Train Loss: 6.1740 | Train Acc: 1.30%
Val Loss: 6.1754 | Val Top-1: 1.46% | Val Top-5: 5.83%

Early stopping triggered after 24 epochs

Training Completed
Best Val Top-1: 1.49%
Threshold epochs: {}
